This is pdfTeX, Version 3.14159265-2.6-1.40.20 (TeX Live 2019/Debian) (preloaded format=pdflatex 2023.7.19)  31 JUL 2023 12:50
entering extended mode
 restricted \write18 enabled.
 %&-line parsing enabled.
**memoria
(./memoria.tex
LaTeX2e <2020-02-02> patch level 2
L3 programming layer <2020-02-14> (./estilo.tex
(/usr/share/texlive/texmf-dist/tex/latex/base/book.cls
Document Class: book 2019/12/20 v1.4l Standard LaTeX document class
(/usr/share/texlive/texmf-dist/tex/latex/base/bk12.clo
File: bk12.clo 2019/12/20 v1.4l Standard LaTeX file (size option)
)
\c@part=\count167
\c@chapter=\count168
\c@section=\count169
\c@subsection=\count170
\c@subsubsection=\count171
\c@paragraph=\count172
\c@subparagraph=\count173
\c@figure=\count174
\c@table=\count175
\abovecaptionskip=\skip47
\belowcaptionskip=\skip48
\bibindent=\dimen134
)
(/usr/share/texlive/texmf-dist/tex/generic/babel/babel.sty
Package: babel 2020/02/14 3.40 The Babel package

(/usr/share/texlive/texmf-dist/tex/generic/babel/switch.def
File: switch.def 2020/02/14 3.40 Babel switching mechanism
)
(/usr/share/texlive/texmf-dist/tex/generic/babel-spanish/spanish.ldf
Language: spanish.ldf 2016/03/03 v5.0p Spanish support from the babel system

(/usr/share/texlive/texmf-dist/tex/generic/babel/babel.def
File: babel.def 2020/02/14 3.40 Babel common definitions
\babel@savecnt=\count176
\U@D=\dimen135

(/usr/share/texlive/texmf-dist/tex/generic/babel/txtbabel.def)
\bbl@readstream=\read2
\bbl@dirlevel=\count177
)
\es@quottoks=\toks14
\es@quotdepth=\count178
Package babel Info: Making " an active character on input line 561.
Package babel Info: Making . an active character on input line 662.
Package babel Info: Making < an active character on input line 707.
Package babel Info: Making > an active character on input line 707.
))
(/usr/share/texlive/texmf-dist/tex/latex/base/inputenc.sty
Package: inputenc 2018/08/11 v1.3c Input encoding file
\inpenc@prehook=\toks15
\inpenc@posthook=\toks16
)
(/usr/share/texlive/texmf-dist/tex/latex/geometry/geometry.sty
Package: geometry 2020/01/02 v5.9 Page Geometry

(/usr/share/texlive/texmf-dist/tex/latex/graphics/keyval.sty
Package: keyval 2014/10/28 v1.15 key=value parser (DPC)
\KV@toks@=\toks17
)
(/usr/share/texlive/texmf-dist/tex/generic/iftex/ifvtex.sty
Package: ifvtex 2019/10/25 v1.7 ifvtex legacy package. Use iftex instead.

(/usr/share/texlive/texmf-dist/tex/generic/iftex/iftex.sty
Package: iftex 2019/11/07 v1.0c TeX engine tests
))
\Gm@cnth=\count179
\Gm@cntv=\count180
\c@Gm@tempcnt=\count181
\Gm@bindingoffset=\dimen136
\Gm@wd@mp=\dimen137
\Gm@odd@mp=\dimen138
\Gm@even@mp=\dimen139
\Gm@layoutwidth=\dimen140
\Gm@layoutheight=\dimen141
\Gm@layouthoffset=\dimen142
\Gm@layoutvoffset=\dimen143
\Gm@dimlist=\toks18
)
(/usr/share/texlive/texmf-dist/tex/latex/base/makeidx.sty
Package: makeidx 2014/09/29 v1.0m Standard LaTeX package
)
(/usr/share/texlive/texmf-dist/tex/latex/url/url.sty
\Urlmuskip=\muskip16
Package: url 2013/09/16  ver 3.4  Verb mode for urls, etc.
)
(/usr/share/texlive/texmf-dist/tex/latex/graphics/graphicx.sty
Package: graphicx 2019/11/30 v1.2a Enhanced LaTeX Graphics (DPC,SPQR)

(/usr/share/texlive/texmf-dist/tex/latex/graphics/graphics.sty
Package: graphics 2019/11/30 v1.4a Standard LaTeX Graphics (DPC,SPQR)

(/usr/share/texlive/texmf-dist/tex/latex/graphics/trig.sty
Package: trig 2016/01/03 v1.10 sin cos tan (DPC)
)
(/usr/share/texlive/texmf-dist/tex/latex/graphics-cfg/graphics.cfg
File: graphics.cfg 2016/06/04 v1.11 sample graphics configuration
)
Package graphics Info: Driver file: pdftex.def on input line 105.

(/usr/share/texlive/texmf-dist/tex/latex/graphics-def/pdftex.def
File: pdftex.def 2018/01/08 v1.0l Graphics/color driver for pdftex
))
\Gin@req@height=\dimen144
\Gin@req@width=\dimen145
)
(/usr/share/texlive/texmf-dist/tex/latex/graphics/color.sty
Package: color 2019/11/23 v1.2a Standard LaTeX Color (DPC)

(/usr/share/texlive/texmf-dist/tex/latex/graphics-cfg/color.cfg
File: color.cfg 2016/01/02 v1.6 sample color configuration
)
Package color Info: Driver file: pdftex.def on input line 147.
)
(/usr/share/texlive/texmf-dist/tex/latex/caption/caption.sty
Package: caption 2020/01/03 v3.4h Customizing captions (AR)

(/usr/share/texlive/texmf-dist/tex/latex/caption/caption3.sty
Package: caption3 2020/01/03 v1.8h caption3 kernel (AR)
Package caption3 Info: TeX engine: e-TeX on input line 61.
\captionmargin=\dimen146
\captionmargin@=\dimen147
\captionwidth=\dimen148
\caption@tempdima=\dimen149
\caption@indent=\dimen150
\caption@parindent=\dimen151
\caption@hangindent=\dimen152
Package caption Info: Standard document class detected.
)
\c@caption@flags=\count182
\c@continuedfloat=\count183
)
(/usr/share/texlive/texmf-dist/tex/latex/acronym/acronym.sty
Package: acronym 2019/11/11 v1.42 Support for acronyms (Tobias Oetiker)

(/usr/share/texlive/texmf-dist/tex/latex/bigfoot/suffix.sty
Package: suffix 2006/07/15 1.5a Variant command support
)
(/usr/share/texlive/texmf-dist/tex/generic/xstring/xstring.sty
(/usr/share/texlive/texmf-dist/tex/generic/xstring/xstring.tex
\integerpart=\count184
\decimalpart=\count185
)
Package: xstring 2019/02/06 v1.83 String manipulations (CT)
)
\AC@clearlist=\toks19
)
(/usr/share/texlive/texmf-dist/tex/latex/hyphenat/hyphenat.sty
Package: hyphenat 2009/09/02 v2.3c hyphenation utilities
\langwohyphens=\language10
LaTeX Info: Redefining \_ on input line 43.
)
(/usr/share/texlive/texmf-dist/tex/latex/a4wide/a4wide.sty
Package: a4wide 1994/08/30

(/usr/share/texlive/texmf-dist/tex/latex/ntgclass/a4.sty
Package: a4 2004/04/15 v1.2g A4 based page layout
))
(/usr/share/texlive/texmf-dist/tex/latex/subfigure/subfigure.sty
Package: subfigure 2002/03/15 v2.1.5 subfigure package
\subfigtopskip=\skip49
\subfigcapskip=\skip50
\subfigcaptopadj=\dimen153
\subfigbottomskip=\skip51
\subfigcapmargin=\dimen154
\subfiglabelskip=\skip52
\c@subfigure=\count186
\c@lofdepth=\count187
\c@subtable=\count188
\c@lotdepth=\count189

****************************************
* Local config file subfigure.cfg used *
****************************************
(/usr/share/texlive/texmf-dist/tex/latex/subfigure/subfigure.cfg)
\subfig@top=\skip53
\subfig@bottom=\skip54
)
(/usr/share/texlive/texmf-dist/tex/latex/float/float.sty
Package: float 2001/11/08 v1.3d Float enhancements (AL)
\c@float@type=\count190
\float@exts=\toks20
\float@box=\box45
\@float@everytoks=\toks21
\@floatcapt=\box46
)
(/usr/share/texlive/texmf-dist/tex/latex/titlesec/titlesec.sty
Package: titlesec 2019/10/16 v2.13 Sectioning titles
\ttl@box=\box47
\beforetitleunit=\skip55
\aftertitleunit=\skip56
\ttl@plus=\dimen155
\ttl@minus=\dimen156
\ttl@toksa=\toks22
\titlewidth=\dimen157
\titlewidthlast=\dimen158
\titlewidthfirst=\dimen159
)
(/usr/share/texlive/texmf-dist/tex/latex/fncychap/fncychap.sty
Package: fncychap 2007/07/30 v1.34 LaTeX package (Revised chapters)
\RW=\skip57
\mylen=\skip58
\myhi=\skip59
\px=\skip60
\py=\skip61
\pyy=\skip62
\pxx=\skip63
) (./listings.sty
\lst@mode=\count191
\lst@gtempboxa=\box48
\lst@token=\toks23
\lst@length=\count192
\lst@currlwidth=\dimen160
\lst@column=\count193
\lst@pos=\count194
\lst@lostspace=\dimen161
\lst@width=\dimen162
\lst@newlines=\count195
\lst@lineno=\count196
\lst@maxwidth=\dimen163
(./lstmisc.sty
File: lstmisc.sty 2007/02/22 1.4 (Carsten Heinz)
\c@lstnumber=\count197
\lst@skipnumbers=\count198
\lst@framebox=\box49
) (/usr/share/texlive/texmf-dist/tex/latex/listings/listings.cfg
File: listings.cfg 2019/09/10 1.8c listings configuration
))
Package: listings 2007/02/22 1.4 (Carsten Heinz)
 (/usr/share/texlive/texmf-dist/tex/latex/eurosym/eurosym.sty
Package: eurosym 1998/08/06 v1.1 European currency symbol ``Euro''
\@eurobox=\box50
)
(/usr/share/texlive/texmf-dist/tex/latex/hyperref/hyperref.sty
Package: hyperref 2020/01/14 v7.00d Hypertext links for LaTeX

(/usr/share/texlive/texmf-dist/tex/generic/ltxcmds/ltxcmds.sty
Package: ltxcmds 2019/12/15 v1.24 LaTeX kernel commands for general use (HO)
)
(/usr/share/texlive/texmf-dist/tex/latex/pdftexcmds/pdftexcmds.sty
Package: pdftexcmds 2019/11/24 v0.31 Utility functions of pdfTeX for LuaTeX (HO
)

(/usr/share/texlive/texmf-dist/tex/generic/infwarerr/infwarerr.sty
Package: infwarerr 2019/12/03 v1.5 Providing info/warning/error messages (HO)
)
Package pdftexcmds Info: \pdf@primitive is available.
Package pdftexcmds Info: \pdf@ifprimitive is available.
Package pdftexcmds Info: \pdfdraftmode found.
)
(/usr/share/texlive/texmf-dist/tex/generic/kvsetkeys/kvsetkeys.sty
Package: kvsetkeys 2019/12/15 v1.18 Key value parser (HO)
)
(/usr/share/texlive/texmf-dist/tex/generic/kvdefinekeys/kvdefinekeys.sty
Package: kvdefinekeys 2019-12-19 v1.6 Define keys (HO)
)
(/usr/share/texlive/texmf-dist/tex/generic/pdfescape/pdfescape.sty
Package: pdfescape 2019/12/09 v1.15 Implements pdfTeX's escape features (HO)
)
(/usr/share/texlive/texmf-dist/tex/latex/hycolor/hycolor.sty
Package: hycolor 2020-01-27 v1.10 Color options for hyperref/bookmark (HO)
)
(/usr/share/texlive/texmf-dist/tex/latex/letltxmacro/letltxmacro.sty
Package: letltxmacro 2019/12/03 v1.6 Let assignment for LaTeX macros (HO)
)
(/usr/share/texlive/texmf-dist/tex/latex/auxhook/auxhook.sty
Package: auxhook 2019-12-17 v1.6 Hooks for auxiliary files (HO)
)
(/usr/share/texlive/texmf-dist/tex/latex/kvoptions/kvoptions.sty
Package: kvoptions 2019/11/29 v3.13 Key value format for package options (HO)
)
\@linkdim=\dimen164
\Hy@linkcounter=\count199
\Hy@pagecounter=\count266

(/usr/share/texlive/texmf-dist/tex/latex/hyperref/pd1enc.def
File: pd1enc.def 2020/01/14 v7.00d Hyperref: PDFDocEncoding definition (HO)
Now handling font encoding PD1 ...
... no UTF-8 mapping file for font encoding PD1
)
(/usr/share/texlive/texmf-dist/tex/generic/intcalc/intcalc.sty
Package: intcalc 2019/12/15 v1.3 Expandable calculations with integers (HO)
)
(/usr/share/texlive/texmf-dist/tex/generic/etexcmds/etexcmds.sty
Package: etexcmds 2019/12/15 v1.7 Avoid name clashes with e-TeX commands (HO)
)
\Hy@SavedSpaceFactor=\count267
\pdfmajorversion=\count268
Package hyperref Info: Hyper figures OFF on input line 4547.
Package hyperref Info: Link nesting OFF on input line 4552.
Package hyperref Info: Hyper index ON on input line 4555.
Package hyperref Info: Plain pages OFF on input line 4562.
Package hyperref Info: Backreferencing OFF on input line 4567.
Package hyperref Info: Implicit mode ON; LaTeX internals redefined.
Package hyperref Info: Bookmarks ON on input line 4800.
\c@Hy@tempcnt=\count269
LaTeX Info: Redefining \url on input line 5159.
\XeTeXLinkMargin=\dimen165

(/usr/share/texlive/texmf-dist/tex/generic/bitset/bitset.sty
Package: bitset 2019/12/09 v1.3 Handle bit-vector datatype (HO)

(/usr/share/texlive/texmf-dist/tex/generic/bigintcalc/bigintcalc.sty
Package: bigintcalc 2019/12/15 v1.5 Expandable calculations on big integers (HO
)
))
\Fld@menulength=\count270
\Field@Width=\dimen166
\Fld@charsize=\dimen167
Package hyperref Info: Hyper figures OFF on input line 6430.
Package hyperref Info: Link nesting OFF on input line 6435.
Package hyperref Info: Hyper index ON on input line 6438.
Package hyperref Info: backreferencing OFF on input line 6445.
Package hyperref Info: Link coloring OFF on input line 6450.
Package hyperref Info: Link coloring with OCG OFF on input line 6455.
Package hyperref Info: PDF/A mode OFF on input line 6460.
LaTeX Info: Redefining \ref on input line 6500.
LaTeX Info: Redefining \pageref on input line 6504.

(/usr/share/texlive/texmf-dist/tex/generic/atbegshi/atbegshi.sty
Package: atbegshi 2019/12/05 v1.19 At begin shipout hook (HO)
)
\Hy@abspage=\count271
\c@Item=\count272
\c@Hfootnote=\count273
)
Package hyperref Info: Driver (autodetected): hpdftex.

(/usr/share/texlive/texmf-dist/tex/latex/hyperref/hpdftex.def
File: hpdftex.def 2020/01/14 v7.00d Hyperref driver for pdfTeX

(/usr/share/texlive/texmf-dist/tex/latex/atveryend/atveryend.sty
Package: atveryend 2019-12-11 v1.11 Hooks at the very end of document (HO)
Package atveryend Info: \enddocument detected (standard20110627).
)
\Fld@listcount=\count274
\c@bookmark@seq@number=\count275

(/usr/share/texlive/texmf-dist/tex/latex/rerunfilecheck/rerunfilecheck.sty
Package: rerunfilecheck 2019/12/05 v1.9 Rerun checks for auxiliary files (HO)

(/usr/share/texlive/texmf-dist/tex/generic/uniquecounter/uniquecounter.sty
Package: uniquecounter 2019/12/15 v1.4 Provide unlimited unique counter (HO)
)
Package uniquecounter Info: New unique counter `rerunfilecheck' on input line 2
86.
)
\Hy@SectionHShift=\skip64
)
(/usr/share/texlive/texmf-dist/tex/latex/amsmath/amsmath.sty
Package: amsmath 2020/01/20 v2.17e AMS math features
\@mathmargin=\skip65

For additional information on amsmath, use the `?' option.
(/usr/share/texlive/texmf-dist/tex/latex/amsmath/amstext.sty
Package: amstext 2000/06/29 v2.01 AMS text

(/usr/share/texlive/texmf-dist/tex/latex/amsmath/amsgen.sty
File: amsgen.sty 1999/11/30 v2.0 generic functions
\@emptytoks=\toks24
\ex@=\dimen168
))
(/usr/share/texlive/texmf-dist/tex/latex/amsmath/amsbsy.sty
Package: amsbsy 1999/11/29 v1.2d Bold Symbols
\pmbraise@=\dimen169
)
(/usr/share/texlive/texmf-dist/tex/latex/amsmath/amsopn.sty
Package: amsopn 2016/03/08 v2.02 operator names
)
\inf@bad=\count276
LaTeX Info: Redefining \frac on input line 227.
\uproot@=\count277
\leftroot@=\count278
LaTeX Info: Redefining \overline on input line 389.
\classnum@=\count279
\DOTSCASE@=\count280
LaTeX Info: Redefining \ldots on input line 486.
LaTeX Info: Redefining \dots on input line 489.
LaTeX Info: Redefining \cdots on input line 610.
\Mathstrutbox@=\box51
\strutbox@=\box52
\big@size=\dimen170
LaTeX Font Info:    Redeclaring font encoding OML on input line 733.
LaTeX Font Info:    Redeclaring font encoding OMS on input line 734.
\macc@depth=\count281
\c@MaxMatrixCols=\count282
\dotsspace@=\muskip17
\c@parentequation=\count283
\dspbrk@lvl=\count284
\tag@help=\toks25
\row@=\count285
\column@=\count286
\maxfields@=\count287
\andhelp@=\toks26
\eqnshift@=\dimen171
\alignsep@=\dimen172
\tagshift@=\dimen173
\tagwidth@=\dimen174
\totwidth@=\dimen175
\lineht@=\dimen176
\@envbody=\toks27
\multlinegap=\skip66
\multlinetaggap=\skip67
\mathdisplay@stack=\toks28
LaTeX Info: Redefining \[ on input line 2859.
LaTeX Info: Redefining \] on input line 2860.
)
(/usr/share/texlive/texmf-dist/tex/latex/amsfonts/amssymb.sty
Package: amssymb 2013/01/14 v3.01 AMS font symbols

(/usr/share/texlive/texmf-dist/tex/latex/amsfonts/amsfonts.sty
Package: amsfonts 2013/01/14 v3.01 Basic AMSFonts support
\symAMSa=\mathgroup4
\symAMSb=\mathgroup5
LaTeX Font Info:    Redeclaring math symbol \hbar on input line 98.
LaTeX Font Info:    Overwriting math alphabet `\mathfrak' in version `bold'
(Font)                  U/euf/m/n --> U/euf/b/n on input line 106.
))
(/usr/share/texlive/texmf-dist/tex/latex/amscls/amsthm.sty
Package: amsthm 2017/10/31 v2.20.4
\thm@style=\toks29
\thm@bodyfont=\toks30
\thm@headfont=\toks31
\thm@notefont=\toks32
\thm@headpunct=\toks33
\thm@preskip=\skip68
\thm@postskip=\skip69
\thm@headsep=\skip70
\dth@everypar=\toks34
)
(/usr/share/texlive/texmf-dist/tex/latex/tools/afterpage.sty
Package: afterpage 2014/10/28 v1.08 After-Page Package (DPC)
\AP@output=\toks35
\AP@partial=\box53
\AP@footins=\box54
)
(/usr/share/texlive/texmf-dist/tex/latex/listings/lstlang1.sty
File: lstlang1.sty 2019/09/10 1.8c listings language file
) (./lstmisc.sty
File: lstmisc.sty 2007/02/22 1.4 (Carsten Heinz)
) (/usr/share/texlive/texmf-dist/tex/latex/listings/lstlang1.sty
File: lstlang1.sty 2019/09/10 1.8c listings language file
)
(/usr/share/texlive/texmf-dist/tex/latex/listings/lstlang1.sty
File: lstlang1.sty 2019/09/10 1.8c listings language file
)
(/usr/share/texlive/texmf-dist/tex/latex/newfloat/newfloat.sty
Package: newfloat 2019/09/02 v1.1l Defining new floating environments (AR)
Package newfloat Info: Document class `book' detected (Hy).
)
Package newfloat Info: New float `code' with options `' on input line 105.
\c@code=\count288
Package newfloat Info: float type `code'=4 on input line 105.
\c@locodedepth=\count289
Package newfloat Info: New float `myequation' with options `' on input line 106
.
\c@myequation=\count290
Package newfloat Info: float type `myequation'=8 on input line 106.
\c@lomyequationdepth=\count291
)
(/usr/share/texlive/texmf-dist/tex/latex/tools/array.sty
Package: array 2019/08/31 v2.4l Tabular extension package (FMi)
\col@sep=\dimen177
\ar@mcellbox=\box55
\extrarowheight=\dimen178
\NC@list=\toks36
\extratabsurround=\skip71
\backup@length=\skip72
\ar@cellbox=\box56
)
(/usr/share/texlive/texmf-dist/tex/latex/multirow/multirow.sty
Package: multirow 2019/05/31 v2.5 Span multiple rows of a table
\multirow@colwidth=\skip73
\multirow@cntb=\count292
\multirow@dima=\skip74
\bigstrutjot=\dimen179
)
(/usr/share/texlive/texmf-dist/tex/latex/natbib/natbib.sty
Package: natbib 2010/09/13 8.31b (PWD, AO)
\bibhang=\skip75
\bibsep=\skip76
LaTeX Info: Redefining \cite on input line 694.
\c@NAT@ctr=\count293
)
Package hyperref Info: Option `colorlinks' set `true' on input line 12.
\@indexfile=\write3
\openout3 = `memoria.idx'.


Writing index file memoria.idx
(/usr/share/texlive/texmf-dist/tex/latex/l3backend/l3backend-pdfmode.def
File: l3backend-pdfmode.def 2020-02-03 L3 backend support: PDF mode
\l__kernel_color_stack_int=\count294
\l__pdf_internal_box=\box57
)
(./memoria.aux
LaTeX Info: Redefining \. on input line 25.
LaTeX Info: Redefining \% on input line 25.
)
\openout1 = `memoria.aux'.

LaTeX Font Info:    Checking defaults for OML/cmm/m/it on input line 16.
LaTeX Font Info:    ... okay on input line 16.
LaTeX Font Info:    Checking defaults for OMS/cmsy/m/n on input line 16.
LaTeX Font Info:    ... okay on input line 16.
LaTeX Font Info:    Checking defaults for OT1/cmr/m/n on input line 16.
LaTeX Font Info:    ... okay on input line 16.
LaTeX Font Info:    Checking defaults for T1/cmr/m/n on input line 16.
LaTeX Font Info:    ... okay on input line 16.
LaTeX Font Info:    Checking defaults for TS1/cmr/m/n on input line 16.
LaTeX Font Info:    ... okay on input line 16.
LaTeX Font Info:    Checking defaults for OMX/cmex/m/n on input line 16.
LaTeX Font Info:    ... okay on input line 16.
LaTeX Font Info:    Checking defaults for U/cmr/m/n on input line 16.
LaTeX Font Info:    ... okay on input line 16.
LaTeX Font Info:    Checking defaults for PD1/pdf/m/n on input line 16.
LaTeX Font Info:    ... okay on input line 16.
LaTeX Info: Redefining \. on input line 16.
LaTeX Info: Redefining \% on input line 16.

*geometry* driver: auto-detecting
*geometry* detected driver: pdftex
*geometry* verbose mode - [ preamble ] result:
* driver: pdftex
* paper: a4paper
* layout: <same size as paper>
* layoutoffset:(h,v)=(0.0pt,0.0pt)
* modes: 
* h-part:(L,W,R)=(99.58464pt, 441.01773pt, 56.9055pt)
* v-part:(T,H,B)=(85.35826pt, 702.78308pt, 56.9055pt)
* \paperwidth=597.50787pt
* \paperheight=845.04684pt
* \textwidth=441.01773pt
* \textheight=702.78308pt
* \oddsidemargin=27.31465pt
* \evensidemargin=27.31465pt
* \topmargin=-41.59085pt
* \headheight=12.0pt
* \headsep=42.67912pt
* \topskip=12.0pt
* \footskip=30.0pt
* \marginparwidth=54.2025pt
* \marginparsep=7.0pt
* \columnsep=10.0pt
* \skip\footins=10.8pt plus 4.0pt minus 2.0pt
* \hoffset=0.0pt
* \voffset=0.0pt
* \mag=1000
* \@twocolumnfalse
* \@twosidefalse
* \@mparswitchfalse
* \@reversemarginfalse
* (1in=72.27pt=25.4mm, 1cm=28.453pt)

(/usr/share/texlive/texmf-dist/tex/context/base/mkii/supp-pdf.mkii
[Loading MPS to PDF converter (version 2006.09.02).]
\scratchcounter=\count295
\scratchdimen=\dimen180
\scratchbox=\box58
\nofMPsegments=\count296
\nofMParguments=\count297
\everyMPshowfont=\toks37
\MPscratchCnt=\count298
\MPscratchDim=\dimen181
\MPnumerator=\count299
\makeMPintoPDFobject=\count300
\everyMPtoPDFconversion=\toks38
) (/usr/share/texlive/texmf-dist/tex/latex/epstopdf-pkg/epstopdf-base.sty
Package: epstopdf-base 2020-01-24 v2.11 Base part for package epstopdf
Package epstopdf-base Info: Redefining graphics rule for `.eps' on input line 4
85.

(/usr/share/texlive/texmf-dist/tex/latex/latexconfig/epstopdf-sys.cfg
File: epstopdf-sys.cfg 2010/07/13 v1.3 Configuration of (r)epstopdf for TeX Liv
e
))
Package caption Info: Begin \AtBeginDocument code.
Package caption Info: float package is loaded.
Package caption Info: hyperref package is loaded.
Package caption Info: listings package is loaded.
Package caption Info: subfigure package is loaded.
Package caption Info: End \AtBeginDocument code.
\c@lstlisting=\count301
\AtBeginShipoutBox=\box59
Package hyperref Info: Link coloring ON on input line 16.

(/usr/share/texlive/texmf-dist/tex/latex/hyperref/nameref.sty
Package: nameref 2019/09/16 v2.46 Cross-referencing by name of section

(/usr/share/texlive/texmf-dist/tex/latex/refcount/refcount.sty
Package: refcount 2019/12/15 v3.6 Data extraction from label references (HO)
)
(/usr/share/texlive/texmf-dist/tex/generic/gettitlestring/gettitlestring.sty
Package: gettitlestring 2019/12/15 v1.6 Cleanup title references (HO)
)
\c@section@level=\count302
)
LaTeX Info: Redefining \ref on input line 16.
LaTeX Info: Redefining \pageref on input line 16.
LaTeX Info: Redefining \nameref on input line 16.

(./memoria.out) (./memoria.out)
\@outlinefile=\write4
\openout4 = `memoria.out'.

Package newfloat Info: `float' package detected.
 (./portada/indice.tex (./portada/portada.tex
<imagenes/cap1/logo_urjc.jpg, id=176, 525.965pt x 210.7875pt>
File: imagenes/cap1/logo_urjc.jpg Graphic file (type jpg)
<use imagenes/cap1/logo_urjc.jpg>
Package pdftex.def Info: imagenes/cap1/logo_urjc.jpg  used on input line 7.
(pdftex.def)             Requested size: 176.40439pt x 70.69545pt.


LaTeX Font Warning: Font shape `OT1/cmr/m/n' in size <15.5> not available
(Font)              size <14.4> substituted on input line 11.

LaTeX Font Info:    Trying to load font information for OT1+lmss on input line 
18.
(/usr/share/texmf/tex/latex/lm/ot1lmss.fd
File: ot1lmss.fd 2009/10/30 v1.6 Font defs for Latin Modern
)
LaTeX Font Info:    Font shape `OT1/lmss/b/n' in size <15.7> not available
(Font)              Font shape `OT1/lmss/bx/n' tried instead on input line 18.
 [1



{/var/lib/texmf/fonts/map/pdftex/updmap/pdftex.map} <./imagenes/cap1/logo_urjc.
jpg>])
(./portada/agradecimientos.tex) (./portada/resumen.texpdfTeX warning (ext4): de
stination with the same identifier (name{page.I}) has been already used, duplic
ate ignored
<to be read again> 
                   \relax 
l.1 \cleardoublepage
                     [1


]
Underfull \hbox (badness 10000) in paragraph at lines 5--6

 []

Package acronym Info: Label `acro:UAV' newly defined as it shall be overridden
although it is yet undefined on input line 7.

Underfull \hbox (badness 10000) in paragraph at lines 7--8

 []

Package acronym Info: Label `acro:TFG' newly defined as it shall be overridden
although it is yet undefined on input line 9.

Underfull \hbox (badness 10000) in paragraph at lines 9--10

 []

Package acronym Info: Label `acro:RF' newly defined as it shall be overridden
although it is yet undefined on input line 11.
) (./portada/acronimos.tex [2


]) [3


] (./memoria.toc
LaTeX Info: Redefining \. on input line 1.
LaTeX Info: Redefining \% on input line 1.
LaTeX Font Info:    Trying to load font information for U+msa on input line 3.

(/usr/share/texlive/texmf-dist/tex/latex/amsfonts/umsa.fd
File: umsa.fd 2013/01/14 v3.01 AMS symbols A
)
LaTeX Font Info:    Trying to load font information for U+msb on input line 3.

(/usr/share/texlive/texmf-dist/tex/latex/amsfonts/umsb.fd
File: umsb.fd 2013/01/14 v3.01 AMS symbols B
) [4


])
\tf@toc=\write5
\openout5 = `memoria.toc'.

LaTeX Info: Redefining \. on input line 13.
LaTeX Info: Redefining \% on input line 13.
 [5]
(./memoria.lof
LaTeX Info: Redefining \. on input line 1.
LaTeX Info: Redefining \% on input line 1.
)
\tf@lof=\write6
\openout6 = `memoria.lof'.

 [6

] (./memoria.locode)
\tf@locode=\write7
\openout7 = `memoria.locode'.

 [7

] (./memoria.lot
LaTeX Info: Redefining \. on input line 1.
LaTeX Info: Redefining \% on input line 1.
)
\tf@lot=\write8
\openout8 = `memoria.lot'.

 [8

])
(./capitulos/capitulo1.tex
Cap\'{\i }tulo 1.

Underfull \hbox (badness 10000) in paragraph at lines 5--6

 []

Package acronym Info: Label `acro:RAE' newly defined as it shall be overridden
although it is yet undefined on input line 7.

Underfull \hbox (badness 10000) in paragraph at lines 7--8

 []

<imagenes/cap1/1_industrial_robot.jpeg, id=310, 963.6pt x 642.14906pt>
File: imagenes/cap1/1_industrial_robot.jpeg Graphic file (type jpg)
<use imagenes/cap1/1_industrial_robot.jpeg>
Package pdftex.def Info: imagenes/cap1/1_industrial_robot.jpeg  used on input l
ine 19.
(pdftex.def)             Requested size: 170.7792pt x 113.81102pt.
<imagenes/cap1/2_mobile_robot.jpeg, id=311, 2007.5pt x 1129.21875pt>
File: imagenes/cap1/2_mobile_robot.jpeg Graphic file (type jpg)
<use imagenes/cap1/2_mobile_robot.jpeg>
Package pdftex.def Info: imagenes/cap1/2_mobile_robot.jpeg  used on input line 
21.
(pdftex.def)             Requested size: 202.32399pt x 113.81102pt.

LaTeX Warning: `h' float specifier changed to `ht'.

Package acronym Info: Label `acro:IA' newly defined as it shall be overridden
although it is yet undefined on input line 26.

Underfull \hbox (badness 10000) in paragraph at lines 26--27

 []

[1



]
Underfull \hbox (badness 10000) in paragraph at lines 33--34

 []

<imagenes/cap1/3_robot.png, id=330, 1104.125pt x 461.725pt>
File: imagenes/cap1/3_robot.png Graphic file (type png)
<use imagenes/cap1/3_robot.png>
Package pdftex.def Info: imagenes/cap1/3_robot.png  used on input line 37.
(pdftex.def)             Requested size: 340.18611pt x 142.26378pt.

Underfull \hbox (badness 10000) in paragraph at lines 43--44

 []

LaTeX Info: Redefining \. on input line 44.
LaTeX Info: Redefining \% on input line 44.
[2 <./imagenes/cap1/1_industrial_robot.jpeg> <./imagenes/cap1/2_mobile_robot.jp
eg> <./imagenes/cap1/3_robot.png>]
Package acronym Info: Label `acro:UAS' newly defined as it shall be overridden
although it is yet undefined on input line 50.

Underfull \hbox (badness 10000) in paragraph at lines 50--51

 []

<imagenes/cap1/4_kettering_bug.jpeg, id=346, 702.625pt x 526.96875pt>
File: imagenes/cap1/4_kettering_bug.jpeg Graphic file (type jpg)
<use imagenes/cap1/4_kettering_bug.jpeg>
Package pdftex.def Info: imagenes/cap1/4_kettering_bug.jpeg  used on input line
 54.
(pdftex.def)             Requested size: 94.83955pt x 71.13188pt.
<imagenes/cap1/5_queen_bee.jpeg, id=347, 1057.9525pt x 423.5825pt>
File: imagenes/cap1/5_queen_bee.jpeg Graphic file (type jpg)
<use imagenes/cap1/5_queen_bee.jpeg>
Package pdftex.def Info: imagenes/cap1/5_queen_bee.jpeg  used on input line 56.

(pdftex.def)             Requested size: 177.65408pt x 71.13188pt.
<imagenes/cap1/6_aphrodite.jpeg, id=348, 697.60625pt x 339.2675pt>
File: imagenes/cap1/6_aphrodite.jpeg Graphic file (type jpg)
<use imagenes/cap1/6_aphrodite.jpeg>
Package pdftex.def Info: imagenes/cap1/6_aphrodite.jpeg  used on input line 58.

(pdftex.def)             Requested size: 146.2568pt x 71.13188pt.
LaTeX Info: Redefining \. on input line 63.
LaTeX Info: Redefining \% on input line 63.
[3 <./imagenes/cap1/4_kettering_bug.jpeg> <./imagenes/cap1/5_queen_bee.jpeg> <.
/imagenes/cap1/6_aphrodite.jpeg>]
Package acronym Info: Label `acro:GCS' newly defined as it shall be overridden
although it is yet undefined on input line 67.

Underfull \hbox (badness 10000) in paragraph at lines 72--73

 []

<imagenes/cap1/7_drone_components.jpeg, id=368, 475.7775pt x 356.33125pt>
File: imagenes/cap1/7_drone_components.jpeg Graphic file (type jpg)
<use imagenes/cap1/7_drone_components.jpeg>
Package pdftex.def Info: imagenes/cap1/7_drone_components.jpeg  used on input l
ine 76.
(pdftex.def)             Requested size: 227.94226pt x 170.71652pt.
Package acronym Info: Label `acro:SUAV' newly defined as it shall be overridden

although it is yet undefined on input line 82.

Underfull \hbox (badness 10000) in paragraph at lines 82--83

 []


Underfull \hbox (badness 10000) in paragraph at lines 84--85

 []


Underfull \hbox (badness 10000) in paragraph at lines 89--90

 []

LaTeX Info: Redefining \. on input line 90.
LaTeX Info: Redefining \% on input line 90.
[4 <./imagenes/cap1/7_drone_components.jpeg>]
<imagenes/cap1/8_AI_types.png, id=395, 1377.145pt x 996.72375pt>
File: imagenes/cap1/8_AI_types.png Graphic file (type png)
<use imagenes/cap1/8_AI_types.png>
Package pdftex.def Info: imagenes/cap1/8_AI_types.png  used on input line 103.
(pdftex.def)             Requested size: 216.20804pt x 156.49014pt.

Underfull \hbox (badness 10000) in paragraph at lines 112--113

 []

LaTeX Info: Redefining \. on input line 113.
LaTeX Info: Redefining \% on input line 113.
[5 <./imagenes/cap1/8_AI_types.png>]
<imagenes/cap1/9_reinforcement.png, id=409, 803.0pt x 377.41pt>
File: imagenes/cap1/9_reinforcement.png Graphic file (type png)
<use imagenes/cap1/9_reinforcement.png>
Package pdftex.def Info: imagenes/cap1/9_reinforcement.png  used on input line 
116.
(pdftex.def)             Requested size: 242.15164pt x 113.81102pt.

Underfull \hbox (badness 10000) in paragraph at lines 122--123

 []

LaTeX Info: Redefining \. on input line 126.
LaTeX Info: Redefining \% on input line 126.
[6 <./imagenes/cap1/9_reinforcement.png (PNG copy)>]
Underfull \hbox (badness 10000) in paragraph at lines 130--131

 []


Underfull \hbox (badness 10000) in paragraph at lines 132--133

 []

<imagenes/cap1/10_friis.png, id=425, 602.25pt x 579.16376pt>
File: imagenes/cap1/10_friis.png Graphic file (type png)
<use imagenes/cap1/10_friis.png>
Package pdftex.def Info: imagenes/cap1/10_friis.png  used on input line 136.
(pdftex.def)             Requested size: 133.13867pt x 128.0374pt.

Underfull \hbox (badness 10000) in paragraph at lines 145--146

 []

) (./capitulos/capitulo2.tex
LaTeX Info: Redefining \. on input line 1.
LaTeX Info: Redefining \% on input line 1.
 [7 <./imagenes/cap1/10_friis.png>]
Cap\'{\i }tulo 2.
) (./capitulos/capitulo3.tex [8

]
Cap\'{\i }tulo 3.
[9

]) (./capitulos/capitulo4.tex
LaTeX Info: Redefining \. on input line 1.
LaTeX Info: Redefining \% on input line 1.

Overfull \hbox (33.42328pt too wide) has occurred while \output is active
\OT1/cmr/m/sl/12 CAP[]ITULO 3.  PLATAFORMAS DE DESARROLLO Y HERRAMIENTAS UTILIZ
ADAS \OT1/cmr/m/n/12 10
 []

[10]
Cap\'{\i }tulo 4.

Underfull \hbox (badness 10000) in paragraph at lines 6--6
|[]\OT1/cmr/bx/n/17.28 Recopilaci^^Son inicial de datos con el
 []

[11

]) (./capitulos/capitulo5.tex
LaTeX Info: Redefining \. on input line 1.
LaTeX Info: Redefining \% on input line 1.
 [12]
Cap\'{\i }tulo 5.
) (./anexo.tex [13

]
Cap\'{\i }tulo 6.

LaTeX Warning: Reference `fig:robots_autonomos' on page 14 undefined on input l
ine 16.


Underfull \hbox (badness 10000) in paragraph at lines 16--17
[]|\OT1/cmr/bx/n/12 1.[][]$\OT1/cmtt/m/n/12 https : / / revistaderobots . com /
 robots-[]y-[]robotica /
 []


Underfull \hbox (badness 10000) in paragraph at lines 18--19
[]|\OT1/cmr/bx/n/12 2.[][]$\OT1/cmtt/m/n/12 https : / / www . elindependiente .
 com / vida-[]sana / 2018 /
 []


Underfull \hbox (badness 10000) in paragraph at lines 20--21
[]|\OT1/cmr/bx/n/12 3.[][]$\OT1/cmtt/m/n/12 https : / / www . iguanarobot . com
 / wp-[]content / uploads /
 []


Underfull \hbox (badness 10000) in paragraph at lines 24--25
[]|\OT1/cmr/bx/n/12 5.[][]$\OT1/cmtt/m/n/12 https : / / www . edsrobotics . com
 / blog /
 []


LaTeX Warning: Reference `fig:campos_robotica' on page 14 undefined on input li
ne 28.


Underfull \hbox (badness 10000) in paragraph at lines 28--29
[]|\OT1/cmr/bx/n/12 1.[][]$\OT1/cmtt/m/n/12 https : / / www . hogarmania . com 
/ hogar / economia /
 []


Underfull \hbox (badness 10000) in paragraph at lines 30--31
[]|\OT1/cmr/bx/n/12 2.[][]$\OT1/cmtt/m/n/12 http :
 []


Underfull \hbox (badness 10000) in paragraph at lines 32--33
[]|\OT1/cmr/bx/n/12 3.[][]$\OT1/cmtt/m/n/12 https : / / www . aarp . org / espa
nol / salud /
 []


Underfull \hbox (badness 10000) in paragraph at lines 32--33
\OT1/cmtt/m/n/12 enfermedades-[]y-[]tratamientos / info-[]12-[]2013 /
 []


Underfull \hbox (badness 10000) in paragraph at lines 34--35
[]|\OT1/cmr/bx/n/12 4.[][]$\OT1/cmtt/m/n/12 https : / / www . nobbot . com /
 []


LaTeX Warning: Reference `fig:robotica-tacto-bolonia' on page 14 undefined on i
nput line 38.


Underfull \hbox (badness 10000) in paragraph at lines 38--39
[]|[][]$\OT1/cmtt/m/n/12 https : / / elpais . com / eps / 2023-[]05-[]27 /
 []


LaTeX Warning: Reference `fig:AKROD' on page 14 undefined on input line 42.


Underfull \hbox (badness 10000) in paragraph at lines 42--43
[]|[][]$\OT1/cmtt/m/n/12 http : / / www . technovelgy . com / ct /
 []


LaTeX Warning: Reference `fig:lokomat' on page 14 undefined on input line 46.


Underfull \hbox (badness 10000) in paragraph at lines 46--47
[]|[][]$\OT1/cmtt/m/n/12 https : / / www . medicalexpo . es / prod / hocoma /
 []


LaTeX Warning: Reference `fig:exoesqueleto_atlas' on page 14 undefined on input
 line 50.


Overfull \hbox (5.32088pt too wide) in paragraph at lines 50--51
[]|[][]\OT1/cmr/bx/n/12 https://exoesqueleto/pediatrico/puede/comercializar[][]
| 
 []


Overfull \hbox (25.19997pt too wide) in paragraph at lines 10--55
 [] 
 []


LaTeX Warning: Reference `fig:aplicaciones-exoesqueletos' on page 14 undefined 
on input line 64.


Underfull \hbox (badness 10000) in paragraph at lines 64--65
[]|\OT1/cmr/bx/n/12 1.[][]$\OT1/cmtt/m/n/12 https : / / altertecnia . com /
 []


Underfull \hbox (badness 10000) in paragraph at lines 66--67
[]|\OT1/cmr/bx/n/12 2.[][]$\OT1/cmtt/m/n/12 https : / / www . eafit . edu . co 
/ innovacion / spinoff /
 []


Underfull \hbox (badness 10000) in paragraph at lines 66--67
\OT1/cmtt/m/n/12 natural-[]vitro / PublishingImages / banner %
 []


Underfull \hbox (badness 10000) in paragraph at lines 68--69
[]|\OT1/cmr/bx/n/12 3.[][]$\OT1/cmtt/m/n/12 https : / / www . marsibionics . co
m /
 []


LaTeX Warning: Reference `fig:exos-flexibles-rigidos' on page 14 undefined on i
nput line 74.


Underfull \hbox (badness 10000) in paragraph at lines 74--75
[]|\OT1/cmr/bx/n/12 1.[][]$\OT1/cmtt/m/n/12 https : / / shop . bihar . coop / e
s / inicio /
 []


LaTeX Warning: Reference `fig:puntos-clave-imagen' on page 14 undefined on inpu
t line 80.


LaTeX Warning: Reference `fig:logo_stm32cubeide' on page 14 undefined on input 
line 84.


Underfull \hbox (badness 10000) in paragraph at lines 84--85
[]|[][]$\OT1/cmtt/m/n/12 https :
 []


LaTeX Warning: Reference `fig:exos_activo_pasivo' on page 14 undefined on input
 line 88.


Underfull \hbox (badness 10000) in paragraph at lines 88--89
[]|\OT1/cmr/bx/n/12 1.[][]$\OT1/cmtt/m/n/12 https : / / journals . sagepub . co
m / doi / full / 10 . 1177 /
 []


Underfull \hbox (badness 10000) in paragraph at lines 90--91
[]|\OT1/cmr/bx/n/12 2.[][]$\OT1/cmtt/m/n/12 https : / / cjme . springeropen . c
om / articles / 10 . 1186 /
 []


LaTeX Warning: Reference `fig:esquema_redes_neuronales' on page 14 undefined on
 input line 94.


Underfull \hbox (badness 10000) in paragraph at lines 94--95
[]|[][]$\OT1/cmtt/m/n/12 https : / / www . atriainnovation . com /
 []


LaTeX Warning: Reference `fig:esquema_arbol_decision' on page 14 undefined on i
nput line 98.


LaTeX Warning: Reference `fig:obtencion_fases_keypoints_movenet' on page 14 und
efined on input line 102.


LaTeX Warning: Reference `fig:esquema_keypoints_mediapipe' on page 14 undefined
 on input line 106.


Underfull \hbox (badness 10000) in paragraph at lines 106--107
[]|[][]$\OT1/cmtt/m/n/12 https : / / www . analyticsvidhya . com / blog / 2022 
/ 03 /
 []


LaTeX Warning: Reference `fig:ejemplos_vision_mediapipe' on page 14 undefined o
n input line 110.


Underfull \hbox (badness 10000) in paragraph at lines 110--111
[]|[][]$\OT1/cmtt/m/n/12 https : / / developers . google . com / mediapipe /
 []


Overfull \hbox (25.19997pt too wide) in paragraph at lines 60--115
 [] 
 []

[14

])
No file memoria.ind.
(./memoria.bbl
LaTeX Info: Redefining \. on input line 1.
LaTeX Info: Redefining \% on input line 1.
 [15]
Underfull \hbox (badness 10000) in paragraph at lines 9--14
[]\OT1/cmr/m/n/12 Revista de Robots.  \OT1/cmr/m/it/12 Rob^^Sotica. Qu^^Se es l
a
 []


Underfull \hbox (badness 10000) in paragraph at lines 16--19
[]\OT1/cmr/m/n/12 geeksforgeeks.  \OT1/cmr/m/it/12 Industrial Robots\OT1/cmr/m/
n/12 .
 []


Underfull \hbox (badness 10000) in paragraph at lines 21--24
[]\OT1/cmr/m/n/12 geeksforgeeks.  \OT1/cmr/m/it/12 Mobile Robots\OT1/cmr/m/n/12
 .
 []


Underfull \hbox (badness 10000) in paragraph at lines 26--31
[][]$\OT1/cmtt/m/n/12 https : / / bernardmarr . com /
 []


Underfull \hbox (badness 1242) in paragraph at lines 33--36
[]\OT1/cmr/m/n/12 Daniel Dworakowski and Goldie Nejat.  Robots understanding co
ntextual
 []


Underfull \hbox (badness 10000) in paragraph at lines 44--49
[][]$\OT1/cmtt/m/n/12 https : / / www . nationalmuseum . af . mil / Visit / Mus
eum-[]Exhibits /
 []


Underfull \hbox (badness 10000) in paragraph at lines 44--49
\OT1/cmtt/m/n/12 Fact-[]Sheets / Display / Article / 198095 / kettering-[]aeria
l-[]torpedo-[]bug/$[][]\OT1/cmr/m/n/12 ,
 []


Underfull \hbox (badness 10000) in paragraph at lines 51--56
\OT1/cmtt/m/n/12 dehavillandmuseum . co . uk / aircraft / de-[]havilland-[]dh82
b-[]queen-[]bee/$[][]\OT1/cmr/m/n/12 ,
 []

[16

]
Underfull \hbox (badness 1527) in paragraph at lines 64--69
[]\OT1/cmr/m/n/12 srmconsulting.  \OT1/cmr/m/it/12 ?`UAV, UAS, RPA, dron... com
o llamarlos?  [][]$\OT1/cmtt/m/n/12 https : / /
 []


Underfull \hbox (badness 2452) in paragraph at lines 135--141
[]\OT1/cmr/m/n/12 OpenStax and Lu-men Lear-ning.  \OT1/cmr/m/it/12 Rein-for-ce-
ment Lear-ning Ex-plai-ned Vi-
 []


Overfull \hbox (116.77391pt too wide) in paragraph at lines 135--141
\OT1/cmtt/m/n/12 reinforcement-[]learning-[]explained-[]visually-[]part-[]4-[]q
-[]learning-[]step-[]by-[]step-[]b65efb731d3e$[][]\OT1/cmr/m/n/12 ,
 []


Underfull \hbox (badness 3884) in paragraph at lines 143--148
[]\OT1/cmr/m/n/12 Mathuranathan.  \OT1/cmr/m/it/12 Friis Free Space Propagation
 Model\OT1/cmr/m/n/12 .  [][]$\OT1/cmtt/m/n/12 https : / / www .
 []

LaTeX Info: Redefining \. on input line 149.
LaTeX Info: Redefining \% on input line 149.
[17])
Package atveryend Info: Empty hook `BeforeClearDocument' on input line 50.
LaTeX Info: Redefining \. on input line 50.
LaTeX Info: Redefining \% on input line 50.
 [18]
Package atveryend Info: Empty hook `AfterLastShipout' on input line 50.
 (./memoria.aux
LaTeX Info: Redefining \. on input line 25.
LaTeX Info: Redefining \% on input line 25.
)
Package atveryend Info: Executing hook `AtVeryEndDocument' on input line 50.
Package atveryend Info: Executing hook `AtEndAfterFileList' on input line 50.
Package rerunfilecheck Info: File `memoria.out' has not changed.
(rerunfilecheck)             Checksum: AD2EB9225C88C84592EB394D7088E06F;2983.


LaTeX Font Warning: Size substitutions with differences
(Font)              up to 1.1pt have occurred.


LaTeX Warning: There were undefined references.

Package atveryend Info: Empty hook `AtVeryVeryEnd' on input line 50.
 ) 
Here is how much of TeX's memory you used:
 12725 strings out of 483048
 188519 string characters out of 5962772
 648405 words of memory out of 5000000
 27293 multiletter control sequences out of 15000+600000
 553987 words of font info for 58 fonts, out of 8000000 for 9000
 91 hyphenation exceptions out of 8191
 44i,12n,53p,1069b,725s stack positions out of 5000i,500n,10000p,200000b,80000s
{/usr/share/texmf/fonts/enc/dvips/lm/lm-rm.enc}</usr/share/texlive/texmf-dist
/fonts/type1/public/amsfonts/cm/cmbx12.pfb></usr/share/texlive/texmf-dist/fonts
/type1/public/amsfonts/cm/cmbxti10.pfb></usr/share/texlive/texmf-dist/fonts/typ
e1/public/amsfonts/cm/cmcsc10.pfb></usr/share/texlive/texmf-dist/fonts/type1/pu
blic/amsfonts/cm/cmr12.pfb></usr/share/texlive/texmf-dist/fonts/type1/public/am
sfonts/cm/cmsl12.pfb></usr/share/texlive/texmf-dist/fonts/type1/public/amsfonts
/cm/cmti12.pfb></usr/share/texlive/texmf-dist/fonts/type1/public/amsfonts/cm/cm
tt12.pfb></usr/share/texmf/fonts/type1/public/lm/lmss12.pfb></usr/share/texmf/f
onts/type1/public/lm/lmss17.pfb></usr/share/texmf/fonts/type1/public/lm/lmssbx1
0.pfb>
Output written on memoria.pdf (27 pages, 1289672 bytes).
PDF statistics:
 648 PDF objects out of 1000 (max. 8388607)
 589 compressed objects within 6 object streams
 143 named destinations out of 1000 (max. 500000)
 400 words of extra memory for PDF output out of 10000 (max. 10000000)

