[35m[1mScanning dependencies of target all.xml-v2.0[0m
[35m[1mScanning dependencies of target ualberta.xml-v2.0[0m
[35m[1mScanning dependencies of target standard.xml-v2.0[0m
[35m[1mScanning dependencies of target matrixpilot.xml-v2.0[0m
[35m[1mScanning dependencies of target uAvionix.xml-v2.0[0m
[35m[1mScanning dependencies of target paparazzi.xml-v2.0[0m
[35m[1mScanning dependencies of target ardupilotmega.xml-v2.0[0m
[35m[1mScanning dependencies of target icarous.xml-v2.0[0m
[35m[1mScanning dependencies of target autoquad.xml-v2.0[0m
[35m[1mScanning dependencies of target ardupilotmega.xml-v1.0[0m
[35m[1mScanning dependencies of target ASLUAV.xml-v2.0[0m
[35m[1mScanning dependencies of target ASLUAV.xml-v1.0[0m
[  9%] [34m[1mGenerating all-v2.0-cxx-stamp[0m
[  9%] [34m[1mGenerating ualberta-v2.0-cxx-stamp[0m
[ 13%] [34m[1mGenerating ardupilotmega-v2.0-cxx-stamp[0m
[ 18%] [34m[1mGenerating matrixpilot-v2.0-cxx-stamp[0m
[ 22%] [34m[1mGenerating standard-v2.0-cxx-stamp[0m
[ 27%] [34m[1mGenerating paparazzi-v2.0-cxx-stamp[0m
[ 36%] [34m[1mGenerating ASLUAV-v2.0-cxx-stamp[0m
[ 45%] [34m[1mGenerating include/v1.0/ardupilotmega/ardupilotmega.h[0m
[ 45%] [34m[1mGenerating uAvionix-v2.0-cxx-stamp[0m
[ 50%] [34m[1mGenerating icarous-v2.0-cxx-stamp[0m
[ 50%] [34m[1mGenerating autoquad-v2.0-cxx-stamp[0m
[ 54%] [34m[1mGenerating include/v1.0/ASLUAV/ASLUAV.h[0m
Validating /home/csanrod/TFG/2022-tfg-cristian-sanchez/src/mavlink/message_definitions/v1.0/paparazzi.xml
Validating /home/csanrod/TFG/2022-tfg-cristian-sanchez/src/mavlink/message_definitions/v1.0/ardupilotmega.xml
Validating /home/csanrod/TFG/2022-tfg-cristian-sanchez/src/mavlink/message_definitions/v1.0/ualberta.xml
Validating /home/csanrod/TFG/2022-tfg-cristian-sanchez/src/mavlink/message_definitions/v1.0/all.xml
Validating /home/csanrod/TFG/2022-tfg-cristian-sanchez/src/mavlink/message_definitions/v1.0/autoquad.xml
Validating /home/csanrod/TFG/2022-tfg-cristian-sanchez/src/mavlink/message_definitions/v1.0/ASLUAV.xml
Validating /home/csanrod/TFG/2022-tfg-cristian-sanchez/src/mavlink/message_definitions/v1.0/icarous.xml
Validating /home/csanrod/TFG/2022-tfg-cristian-sanchez/src/mavlink/message_definitions/v1.0/standard.xml
Validating /home/csanrod/TFG/2022-tfg-cristian-sanchez/src/mavlink/message_definitions/v1.0/uAvionix.xml
Validating /home/csanrod/TFG/2022-tfg-cristian-sanchez/src/mavlink/message_definitions/v1.0/matrixpilot.xml
Validating /home/csanrod/TFG/2022-tfg-cristian-sanchez/src/mavlink/message_definitions/v1.0/ASLUAV.xml
Parsing /home/csanrod/TFG/2022-tfg-cristian-sanchez/src/mavlink/message_definitions/v1.0/standard.xml
Validating /home/csanrod/TFG/2022-tfg-cristian-sanchez/src/mavlink/message_definitions/v1.0/common.xml
Parsing /home/csanrod/TFG/2022-tfg-cristian-sanchez/src/mavlink/message_definitions/v1.0/all.xml
Parsing /home/csanrod/TFG/2022-tfg-cristian-sanchez/src/mavlink/message_definitions/v1.0/ualberta.xml
Validating /home/csanrod/TFG/2022-tfg-cristian-sanchez/src/mavlink/message_definitions/v1.0/ardupilotmega.xml
Parsing /home/csanrod/TFG/2022-tfg-cristian-sanchez/src/mavlink/message_definitions/v1.0/autoquad.xml
Parsing /home/csanrod/TFG/2022-tfg-cristian-sanchez/src/mavlink/message_definitions/v1.0/paparazzi.xml
Parsing /home/csanrod/TFG/2022-tfg-cristian-sanchez/src/mavlink/message_definitions/v1.0/uAvionix.xml
Parsing /home/csanrod/TFG/2022-tfg-cristian-sanchez/src/mavlink/message_definitions/v1.0/matrixpilot.xml
Parsing /home/csanrod/TFG/2022-tfg-cristian-sanchez/src/mavlink/message_definitions/v1.0/ASLUAV.xml
Parsing /home/csanrod/TFG/2022-tfg-cristian-sanchez/src/mavlink/message_definitions/v1.0/ASLUAV.xml
Validating /home/csanrod/TFG/2022-tfg-cristian-sanchez/src/mavlink/message_definitions/v1.0/common.xml
Validating /home/csanrod/TFG/2022-tfg-cristian-sanchez/src/mavlink/message_definitions/v1.0/common.xml
Validating /home/csanrod/TFG/2022-tfg-cristian-sanchez/src/mavlink/message_definitions/v1.0/common.xml
Validating /home/csanrod/TFG/2022-tfg-cristian-sanchez/src/mavlink/message_definitions/v1.0/common.xml
Validating /home/csanrod/TFG/2022-tfg-cristian-sanchez/src/mavlink/message_definitions/v1.0/ardupilotmega.xml
Parsing /home/csanrod/TFG/2022-tfg-cristian-sanchez/src/mavlink/message_definitions/v1.0/ardupilotmega.xml
Parsing /home/csanrod/TFG/2022-tfg-cristian-sanchez/src/mavlink/message_definitions/v1.0/ardupilotmega.xml
Validating /home/csanrod/TFG/2022-tfg-cristian-sanchez/src/mavlink/message_definitions/v1.0/common.xml
Validating /home/csanrod/TFG/2022-tfg-cristian-sanchez/src/mavlink/message_definitions/v1.0/common.xml
Validating /home/csanrod/TFG/2022-tfg-cristian-sanchez/src/mavlink/message_definitions/v1.0/common.xml
Parsing /home/csanrod/TFG/2022-tfg-cristian-sanchez/src/mavlink/message_definitions/v1.0/ardupilotmega.xml
Parsing /home/csanrod/TFG/2022-tfg-cristian-sanchez/src/mavlink/message_definitions/v1.0/icarous.xml
Found 2 MAVLink message types in 1 XML files
Parsing /home/csanrod/TFG/2022-tfg-cristian-sanchez/src/mavlink/message_definitions/v1.0/common.xml
Generating C headers
Parsing /home/csanrod/TFG/2022-tfg-cristian-sanchez/src/mavlink/message_definitions/v1.0/common.xml
Parsing /home/csanrod/TFG/2022-tfg-cristian-sanchez/src/mavlink/message_definitions/v1.0/common.xml
Ignoring MAVLink2 message DEVICE_OP_READ
Validating /home/csanrod/TFG/2022-tfg-cristian-sanchez/src/mavlink/message_definitions/v1.0/common.xml
Ignoring MAVLink2 message DEVICE_OP_READ_REPLY
Ignoring MAVLink2 message DEVICE_OP_WRITE
Ignoring MAVLink2 message DEVICE_OP_WRITE_REPLY
Ignoring MAVLink2 message ADAP_TUNING
Ignoring MAVLink2 message VISION_POSITION_DELTA
Ignoring MAVLink2 message AOA_SSA
Ignoring MAVLink2 message ESC_TELEMETRY_1_TO_4
Ignoring MAVLink2 message ESC_TELEMETRY_5_TO_8
Ignoring MAVLink2 message ESC_TELEMETRY_9_TO_12
Ignoring MAVLink2 message OSD_PARAM_CONFIG
Ignoring MAVLink2 message OSD_PARAM_CONFIG_REPLY
Generating C implementation in directory include/v2.0/icarous
Ignoring MAVLink2 message OSD_PARAM_SHOW_CONFIG
Ignoring MAVLink2 message OSD_PARAM_SHOW_CONFIG_REPLY
Ignoring MAVLink2 message OBSTACLE_DISTANCE_3D
Parsing /home/csanrod/TFG/2022-tfg-cristian-sanchez/src/mavlink/message_definitions/v1.0/common.xml
Parsing /home/csanrod/TFG/2022-tfg-cristian-sanchez/src/mavlink/message_definitions/v1.0/common.xml
Parsing /home/csanrod/TFG/2022-tfg-cristian-sanchez/src/mavlink/message_definitions/v1.0/common.xml
Validating /home/csanrod/TFG/2022-tfg-cristian-sanchez/src/mavlink/message_definitions/v1.0/common.xml
Validating /home/csanrod/TFG/2022-tfg-cristian-sanchez/src/mavlink/message_definitions/v1.0/common.xml
Parsing /home/csanrod/TFG/2022-tfg-cristian-sanchez/src/mavlink/message_definitions/v1.0/common.xml
Copying fixed headers for protocol 2.0 to include/v2.0
Parsing /home/csanrod/TFG/2022-tfg-cristian-sanchez/src/mavlink/message_definitions/v1.0/common.xml
Generating C++ implementation in directory include/v2.0/icarous
Copying fixed C++ headers for protocol 2.0 to include/v2.0
Parsing /home/csanrod/TFG/2022-tfg-cristian-sanchez/src/mavlink/message_definitions/v1.0/common.xml
Parsing /home/csanrod/TFG/2022-tfg-cristian-sanchez/src/mavlink/message_definitions/v1.0/common.xml
[ 54%] Built target icarous.xml-v2.0
Parsing /home/csanrod/TFG/2022-tfg-cristian-sanchez/src/mavlink/message_definitions/v1.0/common.xml
[35m[1mScanning dependencies of target autoquad.xml-v1.0[0m
Ignoring MAVLink2 message SETUP_SIGNING
Ignoring MAVLink2 message BUTTON_CHANGE
Ignoring MAVLink2 message PLAY_TUNE
Ignoring MAVLink2 message CAMERA_INFORMATION
Ignoring MAVLink2 message CAMERA_SETTINGS
Ignoring MAVLink2 message STORAGE_INFORMATION
Ignoring MAVLink2 message CAMERA_CAPTURE_STATUS
Ignoring MAVLink2 message CAMERA_IMAGE_CAPTURED
Ignoring MAVLink2 message FLIGHT_INFORMATION
Ignoring MAVLink2 message MOUNT_ORIENTATION
Ignoring MAVLink2 message LOGGING_DATA
Ignoring MAVLink2 message LOGGING_DATA_ACKED
Ignoring MAVLink2 message LOGGING_ACK
Ignoring MAVLink2 message VIDEO_STREAM_INFORMATION
Ignoring MAVLink2 message VIDEO_STREAM_STATUS
Ignoring MAVLink2 message CAMERA_FOV_STATUS
Ignoring MAVLink2 message CAMERA_TRACKING_IMAGE_STATUS
Ignoring MAVLink2 message CAMERA_TRACKING_GEO_STATUS
Ignoring MAVLink2 message GIMBAL_MANAGER_INFORMATION
Ignoring MAVLink2 message GIMBAL_MANAGER_STATUS
Ignoring MAVLink2 message GIMBAL_MANAGER_SET_ATTITUDE
Ignoring MAVLink2 message GIMBAL_DEVICE_INFORMATION
Ignoring MAVLink2 message GIMBAL_DEVICE_SET_ATTITUDE
Ignoring MAVLink2 message GIMBAL_DEVICE_ATTITUDE_STATUS
Ignoring MAVLink2 message AUTOPILOT_STATE_FOR_GIMBAL_DEVICE
Ignoring MAVLink2 message GIMBAL_MANAGER_SET_PITCHYAW
Ignoring MAVLink2 message GIMBAL_MANAGER_SET_MANUAL_CONTROL
Ignoring MAVLink2 message ESC_INFO
Ignoring MAVLink2 message ESC_STATUS
Ignoring MAVLink2 message WIFI_CONFIG_AP
Ignoring MAVLink2 message AIS_VESSEL
Ignoring MAVLink2 message UAVCAN_NODE_STATUS
Ignoring MAVLink2 message UAVCAN_NODE_INFO
Ignoring MAVLink2 message PARAM_EXT_REQUEST_READ
Ignoring MAVLink2 message PARAM_EXT_REQUEST_LIST
Ignoring MAVLink2 message PARAM_EXT_VALUE
Ignoring MAVLink2 message PARAM_EXT_SET
Ignoring MAVLink2 message PARAM_EXT_ACK
Ignoring MAVLink2 message OBSTACLE_DISTANCE
Ignoring MAVLink2 message ODOMETRY
Ignoring MAVLink2 message TRAJECTORY_REPRESENTATION_WAYPOINTS
Ignoring MAVLink2 message TRAJECTORY_REPRESENTATION_BEZIER
Ignoring MAVLink2 message CELLULAR_STATUS
Ignoring MAVLink2 message ISBD_LINK_STATUS
Ignoring MAVLink2 message CELLULAR_CONFIG
[ 59%] [34m[1mGenerating include/v1.0/autoquad/autoquad.h[0m
Ignoring MAVLink2 message RAW_RPM
Ignoring MAVLink2 message UTM_GLOBAL_POSITION
Ignoring MAVLink2 message DEBUG_FLOAT_ARRAY
Ignoring MAVLink2 message ORBIT_EXECUTION_STATUS
Ignoring MAVLink2 message SMART_BATTERY_INFO
Ignoring MAVLink2 message GENERATOR_STATUS
Ignoring MAVLink2 message ACTUATOR_OUTPUT_STATUS
Ignoring MAVLink2 message TIME_ESTIMATE_TO_TARGET
Ignoring MAVLink2 message TUNNEL
Ignoring MAVLink2 message ONBOARD_COMPUTER_STATUS
Ignoring MAVLink2 message COMPONENT_INFORMATION
Ignoring MAVLink2 message PLAY_TUNE_V2
Ignoring MAVLink2 message SUPPORTED_TUNES
Ignoring MAVLink2 message WHEEL_DISTANCE
Ignoring MAVLink2 message WINCH_STATUS
Ignoring MAVLink2 message OPEN_DRONE_ID_BASIC_ID
Ignoring MAVLink2 message OPEN_DRONE_ID_LOCATION
Ignoring MAVLink2 message OPEN_DRONE_ID_AUTHENTICATION
Ignoring MAVLink2 message OPEN_DRONE_ID_SELF_ID
Ignoring MAVLink2 message OPEN_DRONE_ID_SYSTEM
Ignoring MAVLink2 message OPEN_DRONE_ID_OPERATOR_ID
Ignoring MAVLink2 message OPEN_DRONE_ID_MESSAGE_PACK
Validating /home/csanrod/TFG/2022-tfg-cristian-sanchez/src/mavlink/message_definitions/v1.0/minimal.xml
Parsing /home/csanrod/TFG/2022-tfg-cristian-sanchez/src/mavlink/message_definitions/v1.0/minimal.xml
Validating /home/csanrod/TFG/2022-tfg-cristian-sanchez/src/mavlink/message_definitions/v1.0/minimal.xml
Parsing /home/csanrod/TFG/2022-tfg-cristian-sanchez/src/mavlink/message_definitions/v1.0/minimal.xml
Validating /home/csanrod/TFG/2022-tfg-cristian-sanchez/src/mavlink/message_definitions/v1.0/minimal.xml
Found 212 MAVLink message types in 3 XML files
Validating /home/csanrod/TFG/2022-tfg-cristian-sanchez/src/mavlink/message_definitions/v1.0/minimal.xml
Parsing /home/csanrod/TFG/2022-tfg-cristian-sanchez/src/mavlink/message_definitions/v1.0/minimal.xml
Ignoring MAVLink2 message PROTOCOL_VERSION
Merged enum MAV_CMD
Parsing /home/csanrod/TFG/2022-tfg-cristian-sanchez/src/mavlink/message_definitions/v1.0/minimal.xml
Validating /home/csanrod/TFG/2022-tfg-cristian-sanchez/src/mavlink/message_definitions/v1.0/minimal.xml
Generating C headers
Generating C implementation in directory include/v2.0/standard
Validating /home/csanrod/TFG/2022-tfg-cristian-sanchez/src/mavlink/message_definitions/v1.0/minimal.xml
Parsing /home/csanrod/TFG/2022-tfg-cristian-sanchez/src/mavlink/message_definitions/v1.0/minimal.xml
Validating /home/csanrod/TFG/2022-tfg-cristian-sanchez/src/mavlink/message_definitions/v1.0/minimal.xml
Generating C implementation in directory include/v2.0/common
Parsing /home/csanrod/TFG/2022-tfg-cristian-sanchez/src/mavlink/message_definitions/v1.0/minimal.xml
Found 161 MAVLink message types in 3 XML files
Generating C implementation in directory include/v1.0/ASLUAV
Parsing /home/csanrod/TFG/2022-tfg-cristian-sanchez/src/mavlink/message_definitions/v1.0/minimal.xml
Merged enum MAV_CMD
Validating /home/csanrod/TFG/2022-tfg-cristian-sanchez/src/mavlink/message_definitions/v1.0/minimal.xml
Found 215 MAVLink message types in 3 XML files
Found 217 MAVLink message types in 3 XML files
Merged enum MAV_CMD
Merged enum MAV_DATA_STREAM
Parsing /home/csanrod/TFG/2022-tfg-cristian-sanchez/src/mavlink/message_definitions/v1.0/minimal.xml
Found 239 MAVLink message types in 3 XML files
Ignoring MAVLink2 message SETUP_SIGNING
Ignoring MAVLink2 message BUTTON_CHANGE
Ignoring MAVLink2 message PLAY_TUNE
Ignoring MAVLink2 message CAMERA_INFORMATION
Ignoring MAVLink2 message CAMERA_SETTINGS
Ignoring MAVLink2 message STORAGE_INFORMATION
Ignoring MAVLink2 message CAMERA_CAPTURE_STATUS
Ignoring MAVLink2 message CAMERA_IMAGE_CAPTURED
Ignoring MAVLink2 message FLIGHT_INFORMATION
Ignoring MAVLink2 message MOUNT_ORIENTATION
Ignoring MAVLink2 message LOGGING_DATA
Ignoring MAVLink2 message LOGGING_DATA_ACKED
Ignoring MAVLink2 message LOGGING_ACK
Ignoring MAVLink2 message VIDEO_STREAM_INFORMATION
Ignoring MAVLink2 message VIDEO_STREAM_STATUS
Ignoring MAVLink2 message CAMERA_FOV_STATUS
Ignoring MAVLink2 message CAMERA_TRACKING_IMAGE_STATUS
Ignoring MAVLink2 message CAMERA_TRACKING_GEO_STATUS
Ignoring MAVLink2 message GIMBAL_MANAGER_INFORMATION
Ignoring MAVLink2 message GIMBAL_MANAGER_STATUS
Ignoring MAVLink2 message GIMBAL_MANAGER_SET_ATTITUDE
Ignoring MAVLink2 message GIMBAL_DEVICE_INFORMATION
Ignoring MAVLink2 message GIMBAL_DEVICE_SET_ATTITUDE
Ignoring MAVLink2 message GIMBAL_DEVICE_ATTITUDE_STATUS
Ignoring MAVLink2 message AUTOPILOT_STATE_FOR_GIMBAL_DEVICE
Ignoring MAVLink2 message GIMBAL_MANAGER_SET_PITCHYAW
Ignoring MAVLink2 message GIMBAL_MANAGER_SET_MANUAL_CONTROL
Ignoring MAVLink2 message ESC_INFO
Ignoring MAVLink2 message ESC_STATUS
Ignoring MAVLink2 message WIFI_CONFIG_AP
Ignoring MAVLink2 message AIS_VESSEL
Ignoring MAVLink2 message UAVCAN_NODE_STATUS
Ignoring MAVLink2 message UAVCAN_NODE_INFO
Ignoring MAVLink2 message PARAM_EXT_REQUEST_READ
Ignoring MAVLink2 message PARAM_EXT_REQUEST_LIST
Ignoring MAVLink2 message PARAM_EXT_VALUE
Ignoring MAVLink2 message PARAM_EXT_SET
Ignoring MAVLink2 message PARAM_EXT_ACK
Generating C headers
Ignoring MAVLink2 message OBSTACLE_DISTANCE
Ignoring MAVLink2 message ODOMETRY
Ignoring MAVLink2 message TRAJECTORY_REPRESENTATION_WAYPOINTS
Ignoring MAVLink2 message TRAJECTORY_REPRESENTATION_BEZIER
Ignoring MAVLink2 message CELLULAR_STATUS
Ignoring MAVLink2 message ISBD_LINK_STATUS
Ignoring MAVLink2 message CELLULAR_CONFIG
Ignoring MAVLink2 message RAW_RPM
Ignoring MAVLink2 message UTM_GLOBAL_POSITION
Ignoring MAVLink2 message DEBUG_FLOAT_ARRAY
Ignoring MAVLink2 message ORBIT_EXECUTION_STATUS
Ignoring MAVLink2 message SMART_BATTERY_INFO
Ignoring MAVLink2 message GENERATOR_STATUS
Ignoring MAVLink2 message ACTUATOR_OUTPUT_STATUS
Ignoring MAVLink2 message TIME_ESTIMATE_TO_TARGET
Ignoring MAVLink2 message TUNNEL
Ignoring MAVLink2 message ONBOARD_COMPUTER_STATUS
Ignoring MAVLink2 message COMPONENT_INFORMATION
Ignoring MAVLink2 message PLAY_TUNE_V2
Ignoring MAVLink2 message SUPPORTED_TUNES
Ignoring MAVLink2 message WHEEL_DISTANCE
Ignoring MAVLink2 message WINCH_STATUS
Ignoring MAVLink2 message OPEN_DRONE_ID_BASIC_ID
Ignoring MAVLink2 message OPEN_DRONE_ID_LOCATION
Ignoring MAVLink2 message OPEN_DRONE_ID_AUTHENTICATION
Ignoring MAVLink2 message OPEN_DRONE_ID_SELF_ID
Ignoring MAVLink2 message OPEN_DRONE_ID_SYSTEM
Ignoring MAVLink2 message OPEN_DRONE_ID_OPERATOR_ID
Ignoring MAVLink2 message OPEN_DRONE_ID_MESSAGE_PACK
Generating C implementation in directory include/v2.0/ualberta
Generating C headers
Generating C implementation in directory include/v2.0/paparazzi
Found 215 MAVLink message types in 3 XML files
Generating C headers
Generating C implementation in directory include/v2.0/matrixpilot
Validating /home/csanrod/TFG/2022-tfg-cristian-sanchez/src/mavlink/message_definitions/v1.0/uAvionix.xml
Parsing /home/csanrod/TFG/2022-tfg-cristian-sanchez/src/mavlink/message_definitions/v1.0/uAvionix.xml
Found 214 MAVLink message types in 3 XML files
Generating C headers
Generating C implementation in directory include/v2.0/uAvionix
Validating /home/csanrod/TFG/2022-tfg-cristian-sanchez/src/mavlink/message_definitions/v1.0/icarous.xml
Generating C headers
Parsing /home/csanrod/TFG/2022-tfg-cristian-sanchez/src/mavlink/message_definitions/v1.0/icarous.xml
Generating C implementation in directory include/v2.0/autoquad
Validating /home/csanrod/TFG/2022-tfg-cristian-sanchez/src/mavlink/message_definitions/v1.0/minimal.xml
Generating C implementation in directory include/v2.0/common
Parsing /home/csanrod/TFG/2022-tfg-cristian-sanchez/src/mavlink/message_definitions/v1.0/minimal.xml
Generating C implementation in directory include/v2.0/common
Merged enum MAV_CMD
Generating C implementation in directory include/v2.0/common
Validating /home/csanrod/TFG/2022-tfg-cristian-sanchez/src/mavlink/message_definitions/v1.0/icarous.xml
Parsing /home/csanrod/TFG/2022-tfg-cristian-sanchez/src/mavlink/message_definitions/v1.0/icarous.xml
Validating /home/csanrod/TFG/2022-tfg-cristian-sanchez/src/mavlink/message_definitions/v1.0/minimal.xml
Parsing /home/csanrod/TFG/2022-tfg-cristian-sanchez/src/mavlink/message_definitions/v1.0/minimal.xml
Generating C implementation in directory include/v2.0/common
Found 280 MAVLink message types in 5 XML files
Merged enum MAV_CMD
Generating C headers
Generating C implementation in directory include/v2.0/ardupilotmega
Validating /home/csanrod/TFG/2022-tfg-cristian-sanchez/src/mavlink/message_definitions/v1.0/python_array_test.xml
Parsing /home/csanrod/TFG/2022-tfg-cristian-sanchez/src/mavlink/message_definitions/v1.0/python_array_test.xml
Validating /home/csanrod/TFG/2022-tfg-cristian-sanchez/src/mavlink/message_definitions/v1.0/uAvionix.xml
Parsing /home/csanrod/TFG/2022-tfg-cristian-sanchez/src/mavlink/message_definitions/v1.0/uAvionix.xml
Found 229 MAVLink message types in 3 XML files
Validating /home/csanrod/TFG/2022-tfg-cristian-sanchez/src/mavlink/message_definitions/v1.0/standard.xml
Parsing /home/csanrod/TFG/2022-tfg-cristian-sanchez/src/mavlink/message_definitions/v1.0/standard.xml
Validating /home/csanrod/TFG/2022-tfg-cristian-sanchez/src/mavlink/message_definitions/v1.0/test.xml
Parsing /home/csanrod/TFG/2022-tfg-cristian-sanchez/src/mavlink/message_definitions/v1.0/test.xml
Ignoring MAVLink2 message UAVIONIX_ADSB_OUT_CFG
Ignoring MAVLink2 message UAVIONIX_ADSB_OUT_DYNAMIC
Ignoring MAVLink2 message UAVIONIX_ADSB_TRANSCEIVER_HEALTH_REPORT
Validating /home/csanrod/TFG/2022-tfg-cristian-sanchez/src/mavlink/message_definitions/v1.0/icarous.xml
Parsing /home/csanrod/TFG/2022-tfg-cristian-sanchez/src/mavlink/message_definitions/v1.0/icarous.xml
Validating /home/csanrod/TFG/2022-tfg-cristian-sanchez/src/mavlink/message_definitions/v1.0/ualberta.xml
Ignoring MAVLink2 message ICAROUS_HEARTBEAT
Ignoring MAVLink2 message ICAROUS_KINEMATIC_BANDS
Validating /home/csanrod/TFG/2022-tfg-cristian-sanchez/src/mavlink/message_definitions/v1.0/minimal.xml
Parsing /home/csanrod/TFG/2022-tfg-cristian-sanchez/src/mavlink/message_definitions/v1.0/ualberta.xml
Generating C headers
Validating /home/csanrod/TFG/2022-tfg-cristian-sanchez/src/mavlink/message_definitions/v1.0/autoquad.xml
Validating /home/csanrod/TFG/2022-tfg-cristian-sanchez/src/mavlink/message_definitions/v1.0/uAvionix.xml
Generating C implementation in directory include/v2.0/ASLUAV
Parsing /home/csanrod/TFG/2022-tfg-cristian-sanchez/src/mavlink/message_definitions/v1.0/minimal.xml
Parsing /home/csanrod/TFG/2022-tfg-cristian-sanchez/src/mavlink/message_definitions/v1.0/uAvionix.xml
Parsing /home/csanrod/TFG/2022-tfg-cristian-sanchez/src/mavlink/message_definitions/v1.0/autoquad.xml
Validating /home/csanrod/TFG/2022-tfg-cristian-sanchez/src/mavlink/external/dialects/storm32.xml
Parsing /home/csanrod/TFG/2022-tfg-cristian-sanchez/src/mavlink/external/dialects/storm32.xml
Validating /home/csanrod/TFG/2022-tfg-cristian-sanchez/src/mavlink/message_definitions/v1.0/common.xml
Ignoring MAVLink2 message PROTOCOL_VERSION
Merged enum MAV_CMD
Merged enum MAV_CMD
Merged enum MAV_CMD
Found 192 MAVLink message types in 5 XML files
Generating C implementation in directory include/v1.0/ardupilotmega
Found 301 MAVLink message types in 11 XML files
Generating C headers
Generating C implementation in directory include/v2.0/all
Generating C implementation in directory include/v2.0/ardupilotmega
Generating C implementation in directory include/v1.0/common
Parsing /home/csanrod/TFG/2022-tfg-cristian-sanchez/src/mavlink/message_definitions/v1.0/common.xml
Generating C implementation in directory include/v2.0/common
Generating C implementation in directory include/v2.0/common
Ignoring MAVLink2 message SETUP_SIGNING
Ignoring MAVLink2 message BUTTON_CHANGE
Ignoring MAVLink2 message PLAY_TUNE
Ignoring MAVLink2 message CAMERA_INFORMATION
Ignoring MAVLink2 message CAMERA_SETTINGS
Ignoring MAVLink2 message STORAGE_INFORMATION
Ignoring MAVLink2 message CAMERA_CAPTURE_STATUS
Ignoring MAVLink2 message CAMERA_IMAGE_CAPTURED
Ignoring MAVLink2 message FLIGHT_INFORMATION
Ignoring MAVLink2 message MOUNT_ORIENTATION
Ignoring MAVLink2 message LOGGING_DATA
Ignoring MAVLink2 message LOGGING_DATA_ACKED
Ignoring MAVLink2 message LOGGING_ACK
Ignoring MAVLink2 message VIDEO_STREAM_INFORMATION
Ignoring MAVLink2 message VIDEO_STREAM_STATUS
Ignoring MAVLink2 message CAMERA_FOV_STATUS
Ignoring MAVLink2 message CAMERA_TRACKING_IMAGE_STATUS
Ignoring MAVLink2 message CAMERA_TRACKING_GEO_STATUS
Ignoring MAVLink2 message GIMBAL_MANAGER_INFORMATION
Ignoring MAVLink2 message GIMBAL_MANAGER_STATUS
Ignoring MAVLink2 message GIMBAL_MANAGER_SET_ATTITUDE
Ignoring MAVLink2 message GIMBAL_DEVICE_INFORMATION
Ignoring MAVLink2 message GIMBAL_DEVICE_SET_ATTITUDE
Ignoring MAVLink2 message GIMBAL_DEVICE_ATTITUDE_STATUS
Ignoring MAVLink2 message AUTOPILOT_STATE_FOR_GIMBAL_DEVICE
Ignoring MAVLink2 message GIMBAL_MANAGER_SET_PITCHYAW
Ignoring MAVLink2 message GIMBAL_MANAGER_SET_MANUAL_CONTROL
Ignoring MAVLink2 message ESC_INFO
Ignoring MAVLink2 message ESC_STATUS
Ignoring MAVLink2 message WIFI_CONFIG_AP
Ignoring MAVLink2 message AIS_VESSEL
Ignoring MAVLink2 message UAVCAN_NODE_STATUS
Ignoring MAVLink2 message UAVCAN_NODE_INFO
Ignoring MAVLink2 message PARAM_EXT_REQUEST_READ
Ignoring MAVLink2 message PARAM_EXT_REQUEST_LIST
Ignoring MAVLink2 message PARAM_EXT_VALUE
Ignoring MAVLink2 message PARAM_EXT_SET
Ignoring MAVLink2 message PARAM_EXT_ACK
Ignoring MAVLink2 message OBSTACLE_DISTANCE
Ignoring MAVLink2 message ODOMETRY
Ignoring MAVLink2 message TRAJECTORY_REPRESENTATION_WAYPOINTS
Ignoring MAVLink2 message TRAJECTORY_REPRESENTATION_BEZIER
Ignoring MAVLink2 message CELLULAR_STATUS
Ignoring MAVLink2 message ISBD_LINK_STATUS
Ignoring MAVLink2 message CELLULAR_CONFIG
Ignoring MAVLink2 message RAW_RPM
Ignoring MAVLink2 message UTM_GLOBAL_POSITION
Ignoring MAVLink2 message DEBUG_FLOAT_ARRAY
Ignoring MAVLink2 message ORBIT_EXECUTION_STATUS
Ignoring MAVLink2 message SMART_BATTERY_INFO
Ignoring MAVLink2 message GENERATOR_STATUS
Ignoring MAVLink2 message ACTUATOR_OUTPUT_STATUS
Ignoring MAVLink2 message TIME_ESTIMATE_TO_TARGET
Ignoring MAVLink2 message TUNNEL
Ignoring MAVLink2 message ONBOARD_COMPUTER_STATUS
Ignoring MAVLink2 message COMPONENT_INFORMATION
Ignoring MAVLink2 message PLAY_TUNE_V2
Ignoring MAVLink2 message SUPPORTED_TUNES
Ignoring MAVLink2 message WHEEL_DISTANCE
Ignoring MAVLink2 message WINCH_STATUS
Ignoring MAVLink2 message OPEN_DRONE_ID_BASIC_ID
Ignoring MAVLink2 message OPEN_DRONE_ID_LOCATION
Ignoring MAVLink2 message OPEN_DRONE_ID_AUTHENTICATION
Ignoring MAVLink2 message OPEN_DRONE_ID_SELF_ID
Ignoring MAVLink2 message OPEN_DRONE_ID_SYSTEM
Ignoring MAVLink2 message OPEN_DRONE_ID_OPERATOR_ID
Ignoring MAVLink2 message OPEN_DRONE_ID_MESSAGE_PACK
Validating /home/csanrod/TFG/2022-tfg-cristian-sanchez/src/mavlink/message_definitions/v1.0/minimal.xml
Parsing /home/csanrod/TFG/2022-tfg-cristian-sanchez/src/mavlink/message_definitions/v1.0/minimal.xml
Generating C implementation in directory include/v1.0/common
Ignoring MAVLink2 message PROTOCOL_VERSION
Merged enum MAV_CMD
Merged enum MAV_DATA_STREAM
Found 146 MAVLink message types in 3 XML files
Generating C implementation in directory include/v1.0/autoquad
Generating C implementation in directory include/v2.0/common
Generating C implementation in directory include/v1.0/common
Generating C implementation in directory include/v2.0/common
Generating C implementation in directory include/v1.0/minimal
Copying fixed headers for protocol 1.0 to include/v1.0
[ 59%] Built target ASLUAV.xml-v1.0
[35m[1mScanning dependencies of target paparazzi.xml-v1.0[0m
[ 63%] [34m[1mGenerating include/v1.0/paparazzi/paparazzi.h[0m
Generating C implementation in directory include/v1.0/uAvionix
Generating C implementation in directory include/v1.0/minimal
Generating C implementation in directory include/v1.0/icarous
Generating C implementation in directory include/v1.0/minimal
Copying fixed headers for protocol 1.0 to include/v1.0
Copying fixed headers for protocol 1.0 to include/v1.0
Validating /home/csanrod/TFG/2022-tfg-cristian-sanchez/src/mavlink/message_definitions/v1.0/paparazzi.xml
Parsing /home/csanrod/TFG/2022-tfg-cristian-sanchez/src/mavlink/message_definitions/v1.0/paparazzi.xml
Validating /home/csanrod/TFG/2022-tfg-cristian-sanchez/src/mavlink/message_definitions/v1.0/common.xml
Generating C implementation in directory include/v2.0/minimal
Copying fixed headers for protocol 2.0 to include/v2.0
Generating C++ implementation in directory include/v2.0/standard
Generating C++ implementation in directory include/v2.0/common
[ 63%] Built target ardupilotmega.xml-v1.0
Parsing /home/csanrod/TFG/2022-tfg-cristian-sanchez/src/mavlink/message_definitions/v1.0/common.xml
Generating C implementation in directory include/v2.0/minimal
[35m[1mScanning dependencies of target icarous.xml-v1.0[0m
[ 63%] Built target autoquad.xml-v1.0
Copying fixed headers for protocol 2.0 to include/v2.0
Generating C++ implementation in directory include/v2.0/ualberta
Generating C++ implementation in directory include/v2.0/common
Generating C implementation in directory include/v2.0/minimal
Generating C implementation in directory include/v2.0/minimal
[ 68%] Built target icarous.xml-v1.0
Copying fixed headers for protocol 2.0 to include/v2.0
Copying fixed headers for protocol 2.0 to include/v2.0
Generating C++ implementation in directory include/v2.0/autoquad
[35m[1mScanning dependencies of target matrixpilot.xml-v1.0[0m
Generating C++ implementation in directory include/v2.0/uAvionix
Generating C++ implementation in directory include/v2.0/common
Generating C implementation in directory include/v2.0/minimal
[35m[1mScanning dependencies of target uAvionix.xml-v1.0[0m
Generating C++ implementation in directory include/v2.0/common
[ 72%] [34m[1mGenerating include/v1.0/matrixpilot/matrixpilot.h[0m
Copying fixed headers for protocol 2.0 to include/v2.0
Generating C++ implementation in directory include/v2.0/paparazzi
Generating C++ implementation in directory include/v2.0/common
[ 77%] Built target uAvionix.xml-v1.0
Ignoring MAVLink2 message SETUP_SIGNING
Ignoring MAVLink2 message BUTTON_CHANGE
Ignoring MAVLink2 message PLAY_TUNE
Ignoring MAVLink2 message CAMERA_INFORMATION
Ignoring MAVLink2 message CAMERA_SETTINGS
Ignoring MAVLink2 message STORAGE_INFORMATION
Ignoring MAVLink2 message CAMERA_CAPTURE_STATUS
Ignoring MAVLink2 message CAMERA_IMAGE_CAPTURED
Ignoring MAVLink2 message FLIGHT_INFORMATION
Ignoring MAVLink2 message MOUNT_ORIENTATION
Ignoring MAVLink2 message LOGGING_DATA
Ignoring MAVLink2 message LOGGING_DATA_ACKED
Ignoring MAVLink2 message LOGGING_ACK
Ignoring MAVLink2 message VIDEO_STREAM_INFORMATION
Ignoring MAVLink2 message VIDEO_STREAM_STATUS
Ignoring MAVLink2 message CAMERA_FOV_STATUS
Ignoring MAVLink2 message CAMERA_TRACKING_IMAGE_STATUS
Ignoring MAVLink2 message CAMERA_TRACKING_GEO_STATUS
Ignoring MAVLink2 message GIMBAL_MANAGER_INFORMATION
Ignoring MAVLink2 message GIMBAL_MANAGER_STATUS
Ignoring MAVLink2 message GIMBAL_MANAGER_SET_ATTITUDE
Ignoring MAVLink2 message GIMBAL_DEVICE_INFORMATION
Ignoring MAVLink2 message GIMBAL_DEVICE_SET_ATTITUDE
Ignoring MAVLink2 message GIMBAL_DEVICE_ATTITUDE_STATUS
Ignoring MAVLink2 message AUTOPILOT_STATE_FOR_GIMBAL_DEVICE
Ignoring MAVLink2 message GIMBAL_MANAGER_SET_PITCHYAW
Ignoring MAVLink2 message GIMBAL_MANAGER_SET_MANUAL_CONTROL
Ignoring MAVLink2 message ESC_INFO
Ignoring MAVLink2 message ESC_STATUS
Ignoring MAVLink2 message WIFI_CONFIG_AP
Ignoring MAVLink2 message AIS_VESSEL
Ignoring MAVLink2 message UAVCAN_NODE_STATUS
Ignoring MAVLink2 message UAVCAN_NODE_INFO
Ignoring MAVLink2 message PARAM_EXT_REQUEST_READ
Ignoring MAVLink2 message PARAM_EXT_REQUEST_LIST
Ignoring MAVLink2 message PARAM_EXT_VALUE
Ignoring MAVLink2 message PARAM_EXT_SET
Ignoring MAVLink2 message PARAM_EXT_ACK
Ignoring MAVLink2 message OBSTACLE_DISTANCE
Ignoring MAVLink2 message ODOMETRY
Ignoring MAVLink2 message TRAJECTORY_REPRESENTATION_WAYPOINTS
Ignoring MAVLink2 message TRAJECTORY_REPRESENTATION_BEZIER
Ignoring MAVLink2 message CELLULAR_STATUS
Ignoring MAVLink2 message ISBD_LINK_STATUS
Ignoring MAVLink2 message CELLULAR_CONFIG
Ignoring MAVLink2 message RAW_RPM
Ignoring MAVLink2 message UTM_GLOBAL_POSITION
Ignoring MAVLink2 message DEBUG_FLOAT_ARRAY
Ignoring MAVLink2 message ORBIT_EXECUTION_STATUS
Ignoring MAVLink2 message SMART_BATTERY_INFO
Ignoring MAVLink2 message GENERATOR_STATUS
Ignoring MAVLink2 message ACTUATOR_OUTPUT_STATUS
Ignoring MAVLink2 message TIME_ESTIMATE_TO_TARGET
Ignoring MAVLink2 message TUNNEL
Ignoring MAVLink2 message ONBOARD_COMPUTER_STATUS
Ignoring MAVLink2 message COMPONENT_INFORMATION
Ignoring MAVLink2 message PLAY_TUNE_V2
Ignoring MAVLink2 message SUPPORTED_TUNES
Ignoring MAVLink2 message WHEEL_DISTANCE
Ignoring MAVLink2 message WINCH_STATUS
Ignoring MAVLink2 message OPEN_DRONE_ID_BASIC_ID
Ignoring MAVLink2 message OPEN_DRONE_ID_LOCATION
Ignoring MAVLink2 message OPEN_DRONE_ID_AUTHENTICATION
Ignoring MAVLink2 message OPEN_DRONE_ID_SELF_ID
Ignoring MAVLink2 message OPEN_DRONE_ID_SYSTEM
Ignoring MAVLink2 message OPEN_DRONE_ID_OPERATOR_ID
Ignoring MAVLink2 message OPEN_DRONE_ID_MESSAGE_PACK
[35m[1mScanning dependencies of target ualberta.xml-v1.0[0m
Generating C implementation in directory include/v2.0/minimal
Copying fixed headers for protocol 2.0 to include/v2.0
Generating C++ implementation in directory include/v2.0/matrixpilot
Generating C implementation in directory include/v2.0/minimal
Validating /home/csanrod/TFG/2022-tfg-cristian-sanchez/src/mavlink/message_definitions/v1.0/minimal.xml
Parsing /home/csanrod/TFG/2022-tfg-cristian-sanchez/src/mavlink/message_definitions/v1.0/minimal.xml
Copying fixed headers for protocol 2.0 to include/v2.0
Generating C++ implementation in directory include/v2.0/ASLUAV
Ignoring MAVLink2 message PROTOCOL_VERSION
[ 81%] [34m[1mGenerating include/v1.0/ualberta/ualberta.h[0m
Found 149 MAVLink message types in 3 XML files
Generating C implementation in directory include/v1.0/paparazzi
Generating C++ implementation in directory include/v2.0/common
Generating C implementation in directory include/v1.0/common
Validating /home/csanrod/TFG/2022-tfg-cristian-sanchez/src/mavlink/message_definitions/v1.0/matrixpilot.xml
Generating C++ implementation in directory include/v2.0/common
Parsing /home/csanrod/TFG/2022-tfg-cristian-sanchez/src/mavlink/message_definitions/v1.0/matrixpilot.xml
Validating /home/csanrod/TFG/2022-tfg-cristian-sanchez/src/mavlink/message_definitions/v1.0/common.xml
Parsing /home/csanrod/TFG/2022-tfg-cristian-sanchez/src/mavlink/message_definitions/v1.0/common.xml
Generating C++ implementation in directory include/v2.0/minimal
Copying fixed C++ headers for protocol 2.0 to include/v2.0
Validating /home/csanrod/TFG/2022-tfg-cristian-sanchez/src/mavlink/message_definitions/v1.0/ualberta.xml
Parsing /home/csanrod/TFG/2022-tfg-cristian-sanchez/src/mavlink/message_definitions/v1.0/ualberta.xml
Validating /home/csanrod/TFG/2022-tfg-cristian-sanchez/src/mavlink/message_definitions/v1.0/common.xml
Generating C implementation in directory include/v2.0/uAvionix
Parsing /home/csanrod/TFG/2022-tfg-cristian-sanchez/src/mavlink/message_definitions/v1.0/common.xml
Generating C++ implementation in directory include/v2.0/minimal
Generating C implementation in directory include/v2.0/icarous
Copying fixed C++ headers for protocol 2.0 to include/v2.0
[ 81%] Built target standard.xml-v2.0
Generating C implementation in directory include/v2.0/minimal
Ignoring MAVLink2 message SETUP_SIGNING
Ignoring MAVLink2 message BUTTON_CHANGE
Ignoring MAVLink2 message PLAY_TUNE
Ignoring MAVLink2 message CAMERA_INFORMATION
Ignoring MAVLink2 message CAMERA_SETTINGS
Ignoring MAVLink2 message STORAGE_INFORMATION
Ignoring MAVLink2 message CAMERA_CAPTURE_STATUS
Ignoring MAVLink2 message CAMERA_IMAGE_CAPTURED
Ignoring MAVLink2 message FLIGHT_INFORMATION
Ignoring MAVLink2 message MOUNT_ORIENTATION
Ignoring MAVLink2 message LOGGING_DATA
Ignoring MAVLink2 message LOGGING_DATA_ACKED
Ignoring MAVLink2 message LOGGING_ACK
Ignoring MAVLink2 message VIDEO_STREAM_INFORMATION
Ignoring MAVLink2 message VIDEO_STREAM_STATUS
Ignoring MAVLink2 message CAMERA_FOV_STATUS
Ignoring MAVLink2 message CAMERA_TRACKING_IMAGE_STATUS
Ignoring MAVLink2 message CAMERA_TRACKING_GEO_STATUS
Ignoring MAVLink2 message GIMBAL_MANAGER_INFORMATION
Ignoring MAVLink2 message GIMBAL_MANAGER_STATUS
Ignoring MAVLink2 message GIMBAL_MANAGER_SET_ATTITUDE
Ignoring MAVLink2 message GIMBAL_DEVICE_INFORMATION
Ignoring MAVLink2 message GIMBAL_DEVICE_SET_ATTITUDE
Ignoring MAVLink2 message GIMBAL_DEVICE_ATTITUDE_STATUS
Ignoring MAVLink2 message AUTOPILOT_STATE_FOR_GIMBAL_DEVICE
Ignoring MAVLink2 message GIMBAL_MANAGER_SET_PITCHYAW
Ignoring MAVLink2 message GIMBAL_MANAGER_SET_MANUAL_CONTROL
Ignoring MAVLink2 message ESC_INFO
Ignoring MAVLink2 message ESC_STATUS
Ignoring MAVLink2 message WIFI_CONFIG_AP
Ignoring MAVLink2 message AIS_VESSEL
Ignoring MAVLink2 message UAVCAN_NODE_STATUS
Ignoring MAVLink2 message UAVCAN_NODE_INFO
Ignoring MAVLink2 message PARAM_EXT_REQUEST_READ
Ignoring MAVLink2 message PARAM_EXT_REQUEST_LIST
Ignoring MAVLink2 message PARAM_EXT_VALUE
Ignoring MAVLink2 message PARAM_EXT_SET
Ignoring MAVLink2 message PARAM_EXT_ACK
Ignoring MAVLink2 message OBSTACLE_DISTANCE
Ignoring MAVLink2 message ODOMETRY
Ignoring MAVLink2 message TRAJECTORY_REPRESENTATION_WAYPOINTS
Ignoring MAVLink2 message TRAJECTORY_REPRESENTATION_BEZIER
Ignoring MAVLink2 message CELLULAR_STATUS
Ignoring MAVLink2 message ISBD_LINK_STATUS
Ignoring MAVLink2 message CELLULAR_CONFIG
Ignoring MAVLink2 message RAW_RPM
Ignoring MAVLink2 message UTM_GLOBAL_POSITION
Ignoring MAVLink2 message DEBUG_FLOAT_ARRAY
Ignoring MAVLink2 message ORBIT_EXECUTION_STATUS
Ignoring MAVLink2 message SMART_BATTERY_INFO
Ignoring MAVLink2 message GENERATOR_STATUS
Ignoring MAVLink2 message ACTUATOR_OUTPUT_STATUS
Ignoring MAVLink2 message TIME_ESTIMATE_TO_TARGET
Ignoring MAVLink2 message TUNNEL
Ignoring MAVLink2 message ONBOARD_COMPUTER_STATUS
Ignoring MAVLink2 message COMPONENT_INFORMATION
Ignoring MAVLink2 message PLAY_TUNE_V2
Ignoring MAVLink2 message SUPPORTED_TUNES
Ignoring MAVLink2 message WHEEL_DISTANCE
Ignoring MAVLink2 message WINCH_STATUS
Ignoring MAVLink2 message OPEN_DRONE_ID_BASIC_ID
Ignoring MAVLink2 message OPEN_DRONE_ID_LOCATION
Ignoring MAVLink2 message OPEN_DRONE_ID_AUTHENTICATION
Ignoring MAVLink2 message OPEN_DRONE_ID_SELF_ID
Ignoring MAVLink2 message OPEN_DRONE_ID_SYSTEM
Ignoring MAVLink2 message OPEN_DRONE_ID_OPERATOR_ID
Ignoring MAVLink2 message OPEN_DRONE_ID_MESSAGE_PACK
Copying fixed headers for protocol 2.0 to include/v2.0
Generating C++ implementation in directory include/v2.0/ardupilotmega
Generating C++ implementation in directory include/v2.0/minimal
[35m[1mScanning dependencies of target common.xml-v1.0[0m
Copying fixed C++ headers for protocol 2.0 to include/v2.0
Validating /home/csanrod/TFG/2022-tfg-cristian-sanchez/src/mavlink/message_definitions/v1.0/minimal.xml
Parsing /home/csanrod/TFG/2022-tfg-cristian-sanchez/src/mavlink/message_definitions/v1.0/minimal.xml
Generating C implementation in directory include/v2.0/icarous
Ignoring MAVLink2 message PROTOCOL_VERSION
Merged enum MAV_CMD
Generating C implementation in directory include/v2.0/minimal
Found 171 MAVLink message types in 3 XML files
Generating C implementation in directory include/v1.0/matrixpilot
[ 86%] Built target common.xml-v1.0
Ignoring MAVLink2 message SETUP_SIGNING
Ignoring MAVLink2 message BUTTON_CHANGE
Ignoring MAVLink2 message PLAY_TUNE
Ignoring MAVLink2 message CAMERA_INFORMATION
Ignoring MAVLink2 message CAMERA_SETTINGS
Ignoring MAVLink2 message STORAGE_INFORMATION
Ignoring MAVLink2 message CAMERA_CAPTURE_STATUS
Ignoring MAVLink2 message CAMERA_IMAGE_CAPTURED
Ignoring MAVLink2 message FLIGHT_INFORMATION
Ignoring MAVLink2 message MOUNT_ORIENTATION
Ignoring MAVLink2 message LOGGING_DATA
Ignoring MAVLink2 message LOGGING_DATA_ACKED
Ignoring MAVLink2 message LOGGING_ACK
Ignoring MAVLink2 message VIDEO_STREAM_INFORMATION
Ignoring MAVLink2 message VIDEO_STREAM_STATUS
Ignoring MAVLink2 message CAMERA_FOV_STATUS
Ignoring MAVLink2 message CAMERA_TRACKING_IMAGE_STATUS
Ignoring MAVLink2 message CAMERA_TRACKING_GEO_STATUS
Ignoring MAVLink2 message GIMBAL_MANAGER_INFORMATION
Ignoring MAVLink2 message GIMBAL_MANAGER_STATUS
Ignoring MAVLink2 message GIMBAL_MANAGER_SET_ATTITUDE
Ignoring MAVLink2 message GIMBAL_DEVICE_INFORMATION
Ignoring MAVLink2 message GIMBAL_DEVICE_SET_ATTITUDE
Ignoring MAVLink2 message GIMBAL_DEVICE_ATTITUDE_STATUS
Ignoring MAVLink2 message AUTOPILOT_STATE_FOR_GIMBAL_DEVICE
Ignoring MAVLink2 message GIMBAL_MANAGER_SET_PITCHYAW
Ignoring MAVLink2 message GIMBAL_MANAGER_SET_MANUAL_CONTROL
Ignoring MAVLink2 message ESC_INFO
Ignoring MAVLink2 message ESC_STATUS
Ignoring MAVLink2 message WIFI_CONFIG_AP
Ignoring MAVLink2 message AIS_VESSEL
Ignoring MAVLink2 message UAVCAN_NODE_STATUS
Ignoring MAVLink2 message UAVCAN_NODE_INFO
Ignoring MAVLink2 message PARAM_EXT_REQUEST_READ
Ignoring MAVLink2 message PARAM_EXT_REQUEST_LIST
Ignoring MAVLink2 message PARAM_EXT_VALUE
Ignoring MAVLink2 message PARAM_EXT_SET
Ignoring MAVLink2 message PARAM_EXT_ACK
Ignoring MAVLink2 message OBSTACLE_DISTANCE
Ignoring MAVLink2 message ODOMETRY
Ignoring MAVLink2 message TRAJECTORY_REPRESENTATION_WAYPOINTS
Ignoring MAVLink2 message TRAJECTORY_REPRESENTATION_BEZIER
Ignoring MAVLink2 message CELLULAR_STATUS
Ignoring MAVLink2 message ISBD_LINK_STATUS
Ignoring MAVLink2 message CELLULAR_CONFIG
Ignoring MAVLink2 message RAW_RPM
Ignoring MAVLink2 message UTM_GLOBAL_POSITION
Ignoring MAVLink2 message DEBUG_FLOAT_ARRAY
Ignoring MAVLink2 message ORBIT_EXECUTION_STATUS
Ignoring MAVLink2 message SMART_BATTERY_INFO
Ignoring MAVLink2 message GENERATOR_STATUS
Ignoring MAVLink2 message ACTUATOR_OUTPUT_STATUS
Ignoring MAVLink2 message TIME_ESTIMATE_TO_TARGET
Ignoring MAVLink2 message TUNNEL
Ignoring MAVLink2 message ONBOARD_COMPUTER_STATUS
Ignoring MAVLink2 message COMPONENT_INFORMATION
Ignoring MAVLink2 message PLAY_TUNE_V2
Ignoring MAVLink2 message SUPPORTED_TUNES
Ignoring MAVLink2 message WHEEL_DISTANCE
Ignoring MAVLink2 message WINCH_STATUS
Ignoring MAVLink2 message OPEN_DRONE_ID_BASIC_ID
Ignoring MAVLink2 message OPEN_DRONE_ID_LOCATION
Ignoring MAVLink2 message OPEN_DRONE_ID_AUTHENTICATION
Ignoring MAVLink2 message OPEN_DRONE_ID_SELF_ID
Ignoring MAVLink2 message OPEN_DRONE_ID_SYSTEM
Ignoring MAVLink2 message OPEN_DRONE_ID_OPERATOR_ID
Ignoring MAVLink2 message OPEN_DRONE_ID_MESSAGE_PACK
Generating C implementation in directory include/v2.0/python_array_test
[ 86%] Built target ualberta.xml-v2.0
Generating C++ implementation in directory include/v2.0/common
Generating C++ implementation in directory include/v2.0/minimal
Generating C implementation in directory include/v2.0/standard
Copying fixed C++ headers for protocol 2.0 to include/v2.0
[35m[1mScanning dependencies of target standard.xml-v1.0[0m
Generating C implementation in directory include/v2.0/test
[ 86%] Built target paparazzi.xml-v2.0
Validating /home/csanrod/TFG/2022-tfg-cristian-sanchez/src/mavlink/message_definitions/v1.0/minimal.xml
Parsing /home/csanrod/TFG/2022-tfg-cristian-sanchez/src/mavlink/message_definitions/v1.0/minimal.xml
Generating C++ implementation in directory include/v2.0/minimal
Generating C implementation in directory include/v2.0/ualberta
Generating C++ implementation in directory include/v2.0/minimal
Ignoring MAVLink2 message PROTOCOL_VERSION
Copying fixed C++ headers for protocol 2.0 to include/v2.0
[35m[1mScanning dependencies of target all.xml-v1.0[0m
Found 147 MAVLink message types in 3 XML files
Copying fixed C++ headers for protocol 2.0 to include/v2.0
Generating C implementation in directory include/v1.0/ualberta
Generating C implementation in directory include/v2.0/uAvionix
[ 90%] [34m[1mGenerating include/v1.0/standard/standard.h[0m
Generating C++ implementation in directory include/v2.0/minimal
Generating C implementation in directory include/v1.0/common
Copying fixed C++ headers for protocol 2.0 to include/v2.0
Generating C implementation in directory include/v2.0/storm32
[ 95%] [34m[1mGenerating include/v1.0/all/all.h[0m
[ 95%] Built target autoquad.xml-v2.0
Generating C implementation in directory include/v1.0/common
Copying fixed headers for protocol 2.0 to include/v2.0
[ 95%] Built target matrixpilot.xml-v2.0
Generating C++ implementation in directory include/v2.0/all
Generating C++ implementation in directory include/v2.0/ardupilotmega
[ 95%] Built target uAvionix.xml-v2.0
[ 95%] Built target ASLUAV.xml-v2.0
Validating /home/csanrod/TFG/2022-tfg-cristian-sanchez/src/mavlink/message_definitions/v1.0/standard.xml
Generating C++ implementation in directory include/v2.0/common
Parsing /home/csanrod/TFG/2022-tfg-cristian-sanchez/src/mavlink/message_definitions/v1.0/standard.xml
Validating /home/csanrod/TFG/2022-tfg-cristian-sanchez/src/mavlink/message_definitions/v1.0/common.xml
Validating /home/csanrod/TFG/2022-tfg-cristian-sanchez/src/mavlink/message_definitions/v1.0/all.xml
Parsing /home/csanrod/TFG/2022-tfg-cristian-sanchez/src/mavlink/message_definitions/v1.0/all.xml
Validating /home/csanrod/TFG/2022-tfg-cristian-sanchez/src/mavlink/message_definitions/v1.0/ardupilotmega.xml
Parsing /home/csanrod/TFG/2022-tfg-cristian-sanchez/src/mavlink/message_definitions/v1.0/ardupilotmega.xml
Ignoring MAVLink2 message DEVICE_OP_READ
Ignoring MAVLink2 message DEVICE_OP_READ_REPLY
Ignoring MAVLink2 message DEVICE_OP_WRITE
Ignoring MAVLink2 message DEVICE_OP_WRITE_REPLY
Ignoring MAVLink2 message ADAP_TUNING
Ignoring MAVLink2 message VISION_POSITION_DELTA
Ignoring MAVLink2 message AOA_SSA
Ignoring MAVLink2 message ESC_TELEMETRY_1_TO_4
Ignoring MAVLink2 message ESC_TELEMETRY_5_TO_8
Ignoring MAVLink2 message ESC_TELEMETRY_9_TO_12
Ignoring MAVLink2 message OSD_PARAM_CONFIG
Ignoring MAVLink2 message OSD_PARAM_CONFIG_REPLY
Ignoring MAVLink2 message OSD_PARAM_SHOW_CONFIG
Ignoring MAVLink2 message OSD_PARAM_SHOW_CONFIG_REPLY
Ignoring MAVLink2 message OBSTACLE_DISTANCE_3D
Parsing /home/csanrod/TFG/2022-tfg-cristian-sanchez/src/mavlink/message_definitions/v1.0/common.xml
Validating /home/csanrod/TFG/2022-tfg-cristian-sanchez/src/mavlink/message_definitions/v1.0/common.xml
Parsing /home/csanrod/TFG/2022-tfg-cristian-sanchez/src/mavlink/message_definitions/v1.0/common.xml
Generating C++ implementation in directory include/v2.0/uAvionix
Generating C++ implementation in directory include/v2.0/icarous
Generating C++ implementation in directory include/v2.0/minimal
Copying fixed C++ headers for protocol 2.0 to include/v2.0
[ 95%] Built target ardupilotmega.xml-v2.0
Ignoring MAVLink2 message SETUP_SIGNING
Ignoring MAVLink2 message BUTTON_CHANGE
Ignoring MAVLink2 message PLAY_TUNE
Ignoring MAVLink2 message CAMERA_INFORMATION
Ignoring MAVLink2 message CAMERA_SETTINGS
Ignoring MAVLink2 message STORAGE_INFORMATION
Ignoring MAVLink2 message CAMERA_CAPTURE_STATUS
Ignoring MAVLink2 message CAMERA_IMAGE_CAPTURED
Ignoring MAVLink2 message FLIGHT_INFORMATION
Ignoring MAVLink2 message MOUNT_ORIENTATION
Ignoring MAVLink2 message LOGGING_DATA
Ignoring MAVLink2 message LOGGING_DATA_ACKED
Ignoring MAVLink2 message LOGGING_ACK
Ignoring MAVLink2 message VIDEO_STREAM_INFORMATION
Ignoring MAVLink2 message VIDEO_STREAM_STATUS
Ignoring MAVLink2 message CAMERA_FOV_STATUS
Ignoring MAVLink2 message CAMERA_TRACKING_IMAGE_STATUS
Ignoring MAVLink2 message CAMERA_TRACKING_GEO_STATUS
Ignoring MAVLink2 message GIMBAL_MANAGER_INFORMATION
Ignoring MAVLink2 message GIMBAL_MANAGER_STATUS
Ignoring MAVLink2 message GIMBAL_MANAGER_SET_ATTITUDE
Ignoring MAVLink2 message GIMBAL_DEVICE_INFORMATION
Ignoring MAVLink2 message GIMBAL_DEVICE_SET_ATTITUDE
Ignoring MAVLink2 message GIMBAL_DEVICE_ATTITUDE_STATUS
Ignoring MAVLink2 message AUTOPILOT_STATE_FOR_GIMBAL_DEVICE
Ignoring MAVLink2 message GIMBAL_MANAGER_SET_PITCHYAW
Ignoring MAVLink2 message GIMBAL_MANAGER_SET_MANUAL_CONTROL
Ignoring MAVLink2 message ESC_INFO
Ignoring MAVLink2 message ESC_STATUS
Ignoring MAVLink2 message WIFI_CONFIG_AP
Ignoring MAVLink2 message AIS_VESSEL
Ignoring MAVLink2 message UAVCAN_NODE_STATUS
Ignoring MAVLink2 message UAVCAN_NODE_INFO
Ignoring MAVLink2 message PARAM_EXT_REQUEST_READ
Ignoring MAVLink2 message PARAM_EXT_REQUEST_LIST
Ignoring MAVLink2 message PARAM_EXT_VALUE
Ignoring MAVLink2 message PARAM_EXT_SET
Ignoring MAVLink2 message PARAM_EXT_ACK
Ignoring MAVLink2 message OBSTACLE_DISTANCE
Ignoring MAVLink2 message ODOMETRY
Ignoring MAVLink2 message TRAJECTORY_REPRESENTATION_WAYPOINTS
Ignoring MAVLink2 message TRAJECTORY_REPRESENTATION_BEZIER
Ignoring MAVLink2 message CELLULAR_STATUS
Ignoring MAVLink2 message ISBD_LINK_STATUS
Ignoring MAVLink2 message CELLULAR_CONFIG
Ignoring MAVLink2 message RAW_RPM
Ignoring MAVLink2 message UTM_GLOBAL_POSITION
Ignoring MAVLink2 message DEBUG_FLOAT_ARRAY
Ignoring MAVLink2 message ORBIT_EXECUTION_STATUS
Ignoring MAVLink2 message SMART_BATTERY_INFO
Ignoring MAVLink2 message GENERATOR_STATUS
Ignoring MAVLink2 message ACTUATOR_OUTPUT_STATUS
Ignoring MAVLink2 message TIME_ESTIMATE_TO_TARGET
Ignoring MAVLink2 message TUNNEL
Ignoring MAVLink2 message ONBOARD_COMPUTER_STATUS
Ignoring MAVLink2 message COMPONENT_INFORMATION
Ignoring MAVLink2 message PLAY_TUNE_V2
Ignoring MAVLink2 message SUPPORTED_TUNES
Ignoring MAVLink2 message WHEEL_DISTANCE
Ignoring MAVLink2 message WINCH_STATUS
Ignoring MAVLink2 message OPEN_DRONE_ID_BASIC_ID
Ignoring MAVLink2 message OPEN_DRONE_ID_LOCATION
Ignoring MAVLink2 message OPEN_DRONE_ID_AUTHENTICATION
Ignoring MAVLink2 message OPEN_DRONE_ID_SELF_ID
Ignoring MAVLink2 message OPEN_DRONE_ID_SYSTEM
Ignoring MAVLink2 message OPEN_DRONE_ID_OPERATOR_ID
Ignoring MAVLink2 message OPEN_DRONE_ID_MESSAGE_PACK
Generating C implementation in directory include/v1.0/minimal
Copying fixed headers for protocol 1.0 to include/v1.0
Ignoring MAVLink2 message SETUP_SIGNING
Ignoring MAVLink2 message BUTTON_CHANGE
Ignoring MAVLink2 message PLAY_TUNE
Ignoring MAVLink2 message CAMERA_INFORMATION
Ignoring MAVLink2 message CAMERA_SETTINGS
Ignoring MAVLink2 message STORAGE_INFORMATION
Ignoring MAVLink2 message CAMERA_CAPTURE_STATUS
Ignoring MAVLink2 message CAMERA_IMAGE_CAPTURED
Ignoring MAVLink2 message FLIGHT_INFORMATION
Ignoring MAVLink2 message MOUNT_ORIENTATION
Ignoring MAVLink2 message LOGGING_DATA
Ignoring MAVLink2 message LOGGING_DATA_ACKED
Ignoring MAVLink2 message LOGGING_ACK
Ignoring MAVLink2 message VIDEO_STREAM_INFORMATION
Ignoring MAVLink2 message VIDEO_STREAM_STATUS
Ignoring MAVLink2 message CAMERA_FOV_STATUS
Ignoring MAVLink2 message CAMERA_TRACKING_IMAGE_STATUS
Ignoring MAVLink2 message CAMERA_TRACKING_GEO_STATUS
Ignoring MAVLink2 message GIMBAL_MANAGER_INFORMATION
Ignoring MAVLink2 message GIMBAL_MANAGER_STATUS
Ignoring MAVLink2 message GIMBAL_MANAGER_SET_ATTITUDE
Ignoring MAVLink2 message GIMBAL_DEVICE_INFORMATION
Ignoring MAVLink2 message GIMBAL_DEVICE_SET_ATTITUDE
Ignoring MAVLink2 message GIMBAL_DEVICE_ATTITUDE_STATUS
Ignoring MAVLink2 message AUTOPILOT_STATE_FOR_GIMBAL_DEVICE
Ignoring MAVLink2 message GIMBAL_MANAGER_SET_PITCHYAW
Ignoring MAVLink2 message GIMBAL_MANAGER_SET_MANUAL_CONTROL
Ignoring MAVLink2 message ESC_INFO
Ignoring MAVLink2 message ESC_STATUS
Ignoring MAVLink2 message WIFI_CONFIG_AP
Ignoring MAVLink2 message AIS_VESSEL
Ignoring MAVLink2 message UAVCAN_NODE_STATUS
Ignoring MAVLink2 message UAVCAN_NODE_INFO
Ignoring MAVLink2 message PARAM_EXT_REQUEST_READ
Ignoring MAVLink2 message PARAM_EXT_REQUEST_LIST
Ignoring MAVLink2 message PARAM_EXT_VALUE
Ignoring MAVLink2 message PARAM_EXT_SET
Ignoring MAVLink2 message PARAM_EXT_ACK
Ignoring MAVLink2 message OBSTACLE_DISTANCE
Ignoring MAVLink2 message ODOMETRY
Ignoring MAVLink2 message TRAJECTORY_REPRESENTATION_WAYPOINTS
Ignoring MAVLink2 message TRAJECTORY_REPRESENTATION_BEZIER
Ignoring MAVLink2 message CELLULAR_STATUS
Ignoring MAVLink2 message ISBD_LINK_STATUS
Ignoring MAVLink2 message CELLULAR_CONFIG
Ignoring MAVLink2 message RAW_RPM
Ignoring MAVLink2 message UTM_GLOBAL_POSITION
Ignoring MAVLink2 message DEBUG_FLOAT_ARRAY
Ignoring MAVLink2 message ORBIT_EXECUTION_STATUS
Ignoring MAVLink2 message SMART_BATTERY_INFO
Ignoring MAVLink2 message GENERATOR_STATUS
Ignoring MAVLink2 message ACTUATOR_OUTPUT_STATUS
Ignoring MAVLink2 message TIME_ESTIMATE_TO_TARGET
Ignoring MAVLink2 message TUNNEL
Ignoring MAVLink2 message ONBOARD_COMPUTER_STATUS
Ignoring MAVLink2 message COMPONENT_INFORMATION
Ignoring MAVLink2 message PLAY_TUNE_V2
Ignoring MAVLink2 message SUPPORTED_TUNES
Ignoring MAVLink2 message WHEEL_DISTANCE
Ignoring MAVLink2 message WINCH_STATUS
Ignoring MAVLink2 message OPEN_DRONE_ID_BASIC_ID
Ignoring MAVLink2 message OPEN_DRONE_ID_LOCATION
Ignoring MAVLink2 message OPEN_DRONE_ID_AUTHENTICATION
Ignoring MAVLink2 message OPEN_DRONE_ID_SELF_ID
Ignoring MAVLink2 message OPEN_DRONE_ID_SYSTEM
Ignoring MAVLink2 message OPEN_DRONE_ID_OPERATOR_ID
Ignoring MAVLink2 message OPEN_DRONE_ID_MESSAGE_PACK
Generating C++ implementation in directory include/v2.0/icarous
Generating C++ implementation in directory include/v2.0/minimal
Validating /home/csanrod/TFG/2022-tfg-cristian-sanchez/src/mavlink/message_definitions/v1.0/minimal.xml
Generating C++ implementation in directory include/v2.0/python_array_test
Parsing /home/csanrod/TFG/2022-tfg-cristian-sanchez/src/mavlink/message_definitions/v1.0/minimal.xml
Generating C++ implementation in directory include/v2.0/standard
Generating C++ implementation in directory include/v2.0/test
Generating C++ implementation in directory include/v2.0/ualberta
Ignoring MAVLink2 message PROTOCOL_VERSION
Generating C++ implementation in directory include/v2.0/uAvionix
Generating C++ implementation in directory include/v2.0/storm32
Found 144 MAVLink message types in 3 XML files
[ 95%] Built target paparazzi.xml-v1.0
Generating C implementation in directory include/v1.0/standard
Generating C implementation in directory include/v1.0/common
Copying fixed C++ headers for protocol 2.0 to include/v2.0
Validating /home/csanrod/TFG/2022-tfg-cristian-sanchez/src/mavlink/message_definitions/v1.0/icarous.xml
Parsing /home/csanrod/TFG/2022-tfg-cristian-sanchez/src/mavlink/message_definitions/v1.0/icarous.xml
Ignoring MAVLink2 message ICAROUS_HEARTBEAT
Ignoring MAVLink2 message ICAROUS_KINEMATIC_BANDS
Validating /home/csanrod/TFG/2022-tfg-cristian-sanchez/src/mavlink/message_definitions/v1.0/minimal.xml
Parsing /home/csanrod/TFG/2022-tfg-cristian-sanchez/src/mavlink/message_definitions/v1.0/minimal.xml
Ignoring MAVLink2 message PROTOCOL_VERSION
Validating /home/csanrod/TFG/2022-tfg-cristian-sanchez/src/mavlink/message_definitions/v1.0/python_array_test.xml
Parsing /home/csanrod/TFG/2022-tfg-cristian-sanchez/src/mavlink/message_definitions/v1.0/python_array_test.xml
Ignoring MAVLink2 message ARRAY_TEST_0
Ignoring MAVLink2 message ARRAY_TEST_1
Ignoring MAVLink2 message ARRAY_TEST_3
Ignoring MAVLink2 message ARRAY_TEST_4
Ignoring MAVLink2 message ARRAY_TEST_5
Ignoring MAVLink2 message ARRAY_TEST_6
Ignoring MAVLink2 message ARRAY_TEST_7
Ignoring MAVLink2 message ARRAY_TEST_8
Validating /home/csanrod/TFG/2022-tfg-cristian-sanchez/src/mavlink/message_definitions/v1.0/standard.xml
Parsing /home/csanrod/TFG/2022-tfg-cristian-sanchez/src/mavlink/message_definitions/v1.0/standard.xml
Validating /home/csanrod/TFG/2022-tfg-cristian-sanchez/src/mavlink/message_definitions/v1.0/test.xml
Parsing /home/csanrod/TFG/2022-tfg-cristian-sanchez/src/mavlink/message_definitions/v1.0/test.xml
Ignoring MAVLink2 message TEST_TYPES
Validating /home/csanrod/TFG/2022-tfg-cristian-sanchez/src/mavlink/message_definitions/v1.0/ualberta.xml
Parsing /home/csanrod/TFG/2022-tfg-cristian-sanchez/src/mavlink/message_definitions/v1.0/ualberta.xml
Validating /home/csanrod/TFG/2022-tfg-cristian-sanchez/src/mavlink/message_definitions/v1.0/uAvionix.xml
Parsing /home/csanrod/TFG/2022-tfg-cristian-sanchez/src/mavlink/message_definitions/v1.0/uAvionix.xml
Ignoring MAVLink2 message UAVIONIX_ADSB_OUT_CFG
Ignoring MAVLink2 message UAVIONIX_ADSB_OUT_DYNAMIC
Ignoring MAVLink2 message UAVIONIX_ADSB_TRANSCEIVER_HEALTH_REPORT
Validating /home/csanrod/TFG/2022-tfg-cristian-sanchez/src/mavlink/external/dialects/storm32.xml
Parsing /home/csanrod/TFG/2022-tfg-cristian-sanchez/src/mavlink/external/dialects/storm32.xml
Ignoring MAVLink2 message STORM32_GIMBAL_DEVICE_STATUS
Ignoring MAVLink2 message STORM32_GIMBAL_DEVICE_CONTROL
Ignoring MAVLink2 message STORM32_GIMBAL_MANAGER_INFORMATION
Ignoring MAVLink2 message STORM32_GIMBAL_MANAGER_STATUS
Ignoring MAVLink2 message STORM32_GIMBAL_MANAGER_CONTROL
Ignoring MAVLink2 message STORM32_GIMBAL_MANAGER_CONTROL_PITCHYAW
Ignoring MAVLink2 message STORM32_GIMBAL_MANAGER_CORRECT_ROLL
Ignoring MAVLink2 message STORM32_GIMBAL_MANAGER_PROFILE
Ignoring MAVLink2 message QSHOT_STATUS
Merged enum MAV_CMD
Merged enum MAV_CMD
Found 195 MAVLink message types in 11 XML files
Generating C implementation in directory include/v1.0/all
Generating C implementation in directory include/v1.0/ardupilotmega
[ 95%] Built target all.xml-v2.0
[35m[1mScanning dependencies of target common.xml-v2.0[0m
[100%] [34m[1mGenerating common-v2.0-cxx-stamp[0m
Validating /home/csanrod/TFG/2022-tfg-cristian-sanchez/src/mavlink/message_definitions/v1.0/common.xml
Generating C implementation in directory include/v1.0/common
Parsing /home/csanrod/TFG/2022-tfg-cristian-sanchez/src/mavlink/message_definitions/v1.0/common.xml
Validating /home/csanrod/TFG/2022-tfg-cristian-sanchez/src/mavlink/message_definitions/v1.0/minimal.xml
Parsing /home/csanrod/TFG/2022-tfg-cristian-sanchez/src/mavlink/message_definitions/v1.0/minimal.xml
Found 212 MAVLink message types in 2 XML files
Generating C implementation in directory include/v1.0/minimal
Generating C headers
Generating C implementation in directory include/v2.0/common
Copying fixed headers for protocol 1.0 to include/v1.0
Generating C implementation in directory include/v1.0/minimal
Copying fixed headers for protocol 1.0 to include/v1.0
[100%] Built target ualberta.xml-v1.0
[100%] Built target matrixpilot.xml-v1.0
Generating C implementation in directory include/v1.0/minimal
Copying fixed headers for protocol 1.0 to include/v1.0
Generating C implementation in directory include/v1.0/icarous
Generating C implementation in directory include/v1.0/minimal
Generating C implementation in directory include/v1.0/python_array_test
Generating C implementation in directory include/v1.0/standard
Generating C implementation in directory include/v1.0/test
Generating C implementation in directory include/v1.0/ualberta
Generating C implementation in directory include/v1.0/uAvionix
[100%] Built target standard.xml-v1.0
Generating C implementation in directory include/v1.0/storm32
Copying fixed headers for protocol 1.0 to include/v1.0
[100%] Built target all.xml-v1.0
Generating C implementation in directory include/v2.0/minimal
Copying fixed headers for protocol 2.0 to include/v2.0
Generating C++ implementation in directory include/v2.0/common
Generating C++ implementation in directory include/v2.0/minimal
Copying fixed C++ headers for protocol 2.0 to include/v2.0
[100%] Built target common.xml-v2.0
